This is XeTeX, Version 3.141592653-2.6-0.999996 (TeX Live 2024) (preloaded format=xelatex 2024.5.8)  9 JUN 2024 19:37
entering extended mode
 restricted \write18 enabled.
 %&-line parsing enabled.
**main.tex
(./main.tex
LaTeX2e <2023-11-01> patch level 1
L3 programming layer <2024-04-11>
(./setup.tex (./vkr.cls
Document Class: vkr VKR class

(d:/TeX/texstudio/texlive/texlive/2024/texmf-dist/tex/latex/fontspec/fontspec.s
ty
(d:/TeX/texstudio/texlive/texlive/2024/texmf-dist/tex/latex/l3packages/xparse/x
parse.sty
(d:/TeX/texstudio/texlive/texlive/2024/texmf-dist/tex/latex/l3kernel/expl3.sty
Package: expl3 2024-04-11 L3 programming layer (loader) 

(d:/TeX/texstudio/texlive/texlive/2024/texmf-dist/tex/latex/l3backend/l3backend
-xetex.def
File: l3backend-xetex.def 2024-04-11 L3 backend support: XeTeX
\g__graphics_track_int=\count185
\l__pdf_internal_box=\box51
\g__pdf_backend_annotation_int=\count186
\g__pdf_backend_link_int=\count187
))
Package: xparse 2024-03-14 L3 Experimental document command parser
)
Package: fontspec 2024/05/03 v2.9c Font selection for XeLaTeX and LuaLaTeX

(d:/TeX/texstudio/texlive/texlive/2024/texmf-dist/tex/latex/fontspec/fontspec-x
etex.sty
Package: fontspec-xetex 2024/05/03 v2.9c Font selection for XeLaTeX and LuaLaTe
X
\l__fontspec_script_int=\count188
\l__fontspec_language_int=\count189
\l__fontspec_strnum_int=\count190
\l__fontspec_tmp_int=\count191
\l__fontspec_tmpa_int=\count192
\l__fontspec_tmpb_int=\count193
\l__fontspec_tmpc_int=\count194
\l__fontspec_em_int=\count195
\l__fontspec_emdef_int=\count196
\l__fontspec_strong_int=\count197
\l__fontspec_strongdef_int=\count198
\l__fontspec_tmpa_dim=\dimen140
\l__fontspec_tmpb_dim=\dimen141
\l__fontspec_tmpc_dim=\dimen142

(d:/TeX/texstudio/texlive/texlive/2024/texmf-dist/tex/latex/base/fontenc.sty
Package: fontenc 2021/04/29 v2.0v Standard LaTeX package
)
(d:/TeX/texstudio/texlive/texlive/2024/texmf-dist/tex/latex/fontspec/fontspec.c
fg)))

Package fontspec Info: 
(fontspec)             Font family 'TimesNewRoman(0)' created for font 'Times
(fontspec)             New Roman' with options [Ligatures=TeX].
(fontspec)              
(fontspec)              This font family consists of the following NFSS
(fontspec)             series/shapes:
(fontspec)              
(fontspec)             - 'normal' (m/n) with NFSS spec.: <->"Times New
(fontspec)             Roman/OT:script=latn;language=dflt;mapping=tex-text;"
(fontspec)             - 'small caps'  (m/sc) with NFSS spec.: <->"Times New
(fontspec)             Roman/OT:script=latn;language=dflt;+smcp;mapping=tex-tex
t;"
(fontspec)             - 'bold' (b/n) with NFSS spec.: <->"Times New
(fontspec)             Roman/B/OT:script=latn;language=dflt;mapping=tex-text;"
(fontspec)             - 'bold small caps'  (b/sc) with NFSS spec.: <->"Times
(fontspec)             New
(fontspec)             Roman/B/OT:script=latn;language=dflt;+smcp;mapping=tex-t
ext;"
(fontspec)             - 'italic' (m/it) with NFSS spec.: <->"Times New
(fontspec)             Roman/I/OT:script=latn;language=dflt;mapping=tex-text;"
(fontspec)             - 'italic small caps'  (m/scit) with NFSS spec.:
(fontspec)             <->"Times New
(fontspec)             Roman/I/OT:script=latn;language=dflt;+smcp;mapping=tex-t
ext;"
(fontspec)             - 'bold italic' (b/it) with NFSS spec.: <->"Times New
(fontspec)             Roman/BI/OT:script=latn;language=dflt;mapping=tex-text;"

(fontspec)             - 'bold italic small caps'  (b/scit) with NFSS spec.:
(fontspec)             <->"Times New
(fontspec)             Roman/BI/OT:script=latn;language=dflt;+smcp;mapping=tex-
text;"

\pagetop=\skip48
\pagebottom=\skip49
\pageleft=\skip50
\pageright=\skip51
\pwidth=\skip52
\pheight=\skip53
\saved@arstrutbox=\box52
\c@section=\count199
\c@subsection=\count266
\c@subsubsection=\count267
\c@paragraph=\count268
\c@figure=\count269
\c@figurecnt=\count270
\abovecaptionskip=\skip54
\belowcaptionskip=\skip55
\c@table=\count271
\c@tablecnt=\count272
\c@lastpage=\count273
\c@числоПлакатов=\count274
\c@bibcount=\count275
)
(d:/TeX/texstudio/texlive/texlive/2024/texmf-dist/tex/generic/babel/babel.sty
Package: babel 2024/04/20 v24.4 The Babel package
\babel@savecnt=\count276
\U@D=\dimen143
\l@unhyphenated=\language89

(d:/TeX/texstudio/texlive/texlive/2024/texmf-dist/tex/generic/babel/xebabel.def
)
\bbl@readstream=\read2
\bbl@dirlevel=\count277

(d:/TeX/texstudio/texlive/texlive/2024/texmf-dist/tex/generic/babel-english/eng
lish.ldf
Language: english 2017/06/06 v3.3r English support from the babel system
Package babel Info: Hyphen rules for 'canadian' set to \l@english
(babel)             (\language0). Reported on input line 102.
Package babel Info: Hyphen rules for 'australian' set to \l@ukenglish
(babel)             (\language23). Reported on input line 105.
Package babel Info: Hyphen rules for 'newzealand' set to \l@ukenglish
(babel)             (\language23). Reported on input line 108.
)
(d:/TeX/texstudio/texlive/texlive/2024/texmf-dist/tex/generic/babel-russian/rus
sianb.ldf
File: russianb.ldf 2021/01/10 1.3m Russian support for the Babel system
Language: russian 2020/09/09 1.3k Russian support for the Babel system
Package babel Info: Making " an active character on input line 124.
Package babel Info: Default for \cyrdash is provided on input line 163.
))
(d:/TeX/texstudio/texlive/texlive/2024/texmf-dist/tex/generic/babel/locale/ru/b
abel-russian.tex
Package babel Info: Importing font and identification data for russian
(babel)             from babel-ru.ini. Reported on input line 11.
)
(d:/TeX/texstudio/texlive/texlive/2024/texmf-dist/tex/generic/babel/locale/en/b
abel-english.tex
Package babel Info: Importing font and identification data for english
(babel)             from babel-en.ini. Reported on input line 11.
)
(d:/TeX/texstudio/texlive/texlive/2024/texmf-dist/tex/latex/graphics/graphicx.s
ty
Package: graphicx 2021/09/16 v1.2d Enhanced LaTeX Graphics (DPC,SPQR)

(d:/TeX/texstudio/texlive/texlive/2024/texmf-dist/tex/latex/graphics/keyval.sty
Package: keyval 2022/05/29 v1.15 key=value parser (DPC)
\KV@toks@=\toks17
)
(d:/TeX/texstudio/texlive/texlive/2024/texmf-dist/tex/latex/graphics/graphics.s
ty
Package: graphics 2022/03/10 v1.4e Standard LaTeX Graphics (DPC,SPQR)

(d:/TeX/texstudio/texlive/texlive/2024/texmf-dist/tex/latex/graphics/trig.sty
Package: trig 2021/08/11 v1.11 sin cos tan (DPC)
)
(d:/TeX/texstudio/texlive/texlive/2024/texmf-dist/tex/latex/graphics-cfg/graphi
cs.cfg
File: graphics.cfg 2016/06/04 v1.11 sample graphics configuration
)
Package graphics Info: Driver file: xetex.def on input line 107.

(d:/TeX/texstudio/texlive/texlive/2024/texmf-dist/tex/latex/graphics-def/xetex.
def
File: xetex.def 2022/09/22 v5.0n Graphics/color driver for xetex
))
\Gin@req@height=\dimen144
\Gin@req@width=\dimen145
)
(d:/TeX/texstudio/texlive/texlive/2024/texmf-dist/tex/latex/hyperref/hyperref.s
ty
Package: hyperref 2024-01-20 v7.01h Hypertext links for LaTeX

(d:/TeX/texstudio/texlive/texlive/2024/texmf-dist/tex/generic/iftex/iftex.sty
Package: iftex 2022/02/03 v1.0f TeX engine tests
)
(d:/TeX/texstudio/texlive/texlive/2024/texmf-dist/tex/latex/kvsetkeys/kvsetkeys
.sty
Package: kvsetkeys 2022-10-05 v1.19 Key value parser (HO)
)
(d:/TeX/texstudio/texlive/texlive/2024/texmf-dist/tex/generic/kvdefinekeys/kvde
finekeys.sty
Package: kvdefinekeys 2019-12-19 v1.6 Define keys (HO)
)
(d:/TeX/texstudio/texlive/texlive/2024/texmf-dist/tex/generic/pdfescape/pdfesca
pe.sty
Package: pdfescape 2019/12/09 v1.15 Implements pdfTeX's escape features (HO)

(d:/TeX/texstudio/texlive/texlive/2024/texmf-dist/tex/generic/ltxcmds/ltxcmds.s
ty
Package: ltxcmds 2023-12-04 v1.26 LaTeX kernel commands for general use (HO)
)
(d:/TeX/texstudio/texlive/texlive/2024/texmf-dist/tex/generic/pdftexcmds/pdftex
cmds.sty
Package: pdftexcmds 2020-06-27 v0.33 Utility functions of pdfTeX for LuaTeX (HO
)

(d:/TeX/texstudio/texlive/texlive/2024/texmf-dist/tex/generic/infwarerr/infware
rr.sty
Package: infwarerr 2019/12/03 v1.5 Providing info/warning/error messages (HO)
)
Package pdftexcmds Info: \pdf@primitive is available.
Package pdftexcmds Info: \pdf@ifprimitive is available.
Package pdftexcmds Info: \pdfdraftmode not found.
))
(d:/TeX/texstudio/texlive/texlive/2024/texmf-dist/tex/latex/hycolor/hycolor.sty
Package: hycolor 2020-01-27 v1.10 Color options for hyperref/bookmark (HO)
)
(d:/TeX/texstudio/texlive/texlive/2024/texmf-dist/tex/latex/auxhook/auxhook.sty
Package: auxhook 2019-12-17 v1.6 Hooks for auxiliary files (HO)
)
(d:/TeX/texstudio/texlive/texlive/2024/texmf-dist/tex/latex/hyperref/nameref.st
y
Package: nameref 2023-11-26 v2.56 Cross-referencing by name of section

(d:/TeX/texstudio/texlive/texlive/2024/texmf-dist/tex/latex/refcount/refcount.s
ty
Package: refcount 2019/12/15 v3.6 Data extraction from label references (HO)
)
(d:/TeX/texstudio/texlive/texlive/2024/texmf-dist/tex/generic/gettitlestring/ge
ttitlestring.sty
Package: gettitlestring 2019/12/15 v1.6 Cleanup title references (HO)

(d:/TeX/texstudio/texlive/texlive/2024/texmf-dist/tex/latex/kvoptions/kvoptions
.sty
Package: kvoptions 2022-06-15 v3.15 Key value format for package options (HO)
))
\c@section@level=\count278
)
(d:/TeX/texstudio/texlive/texlive/2024/texmf-dist/tex/latex/etoolbox/etoolbox.s
ty
Package: etoolbox 2020/10/05 v2.5k e-TeX tools for LaTeX (JAW)
\etb@tempcnta=\count279
)
\@linkdim=\dimen146
\Hy@linkcounter=\count280
\Hy@pagecounter=\count281

(d:/TeX/texstudio/texlive/texlive/2024/texmf-dist/tex/latex/hyperref/pd1enc.def
File: pd1enc.def 2024-01-20 v7.01h Hyperref: PDFDocEncoding definition (HO)
)
(d:/TeX/texstudio/texlive/texlive/2024/texmf-dist/tex/generic/intcalc/intcalc.s
ty
Package: intcalc 2019/12/15 v1.3 Expandable calculations with integers (HO)
)
\Hy@SavedSpaceFactor=\count282

(d:/TeX/texstudio/texlive/texlive/2024/texmf-dist/tex/latex/hyperref/puenc.def
File: puenc.def 2024-01-20 v7.01h Hyperref: PDF Unicode definition (HO)
)
Package hyperref Info: Option `unicode' set `true' on input line 3165.
Package hyperref Info: Hyper figures OFF on input line 4179.
Package hyperref Info: Link nesting OFF on input line 4184.
Package hyperref Info: Hyper index ON on input line 4187.
Package hyperref Info: Plain pages OFF on input line 4194.
Package hyperref Info: Backreferencing OFF on input line 4199.
Package hyperref Info: Implicit mode ON; LaTeX internals redefined.
Package hyperref Info: Bookmarks ON on input line 4446.
\c@Hy@tempcnt=\count283
(d:/TeX/texstudio/texlive/texlive/2024/texmf-dist/tex/latex/url/url.sty
\Urlmuskip=\muskip16
Package: url 2013/09/16  ver 3.4  Verb mode for urls, etc.
)
LaTeX Info: Redefining \url on input line 4784.
\XeTeXLinkMargin=\dimen147

(d:/TeX/texstudio/texlive/texlive/2024/texmf-dist/tex/generic/bitset/bitset.sty
Package: bitset 2019/12/09 v1.3 Handle bit-vector datatype (HO)

(d:/TeX/texstudio/texlive/texlive/2024/texmf-dist/tex/generic/bigintcalc/bigint
calc.sty
Package: bigintcalc 2019/12/15 v1.5 Expandable calculations on big integers (HO
)
))
\Fld@menulength=\count284
\Field@Width=\dimen148
\Fld@charsize=\dimen149
Package hyperref Info: Hyper figures OFF on input line 6063.
Package hyperref Info: Link nesting OFF on input line 6068.
Package hyperref Info: Hyper index ON on input line 6071.
Package hyperref Info: backreferencing OFF on input line 6078.
Package hyperref Info: Link coloring OFF on input line 6083.
Package hyperref Info: Link coloring with OCG OFF on input line 6088.
Package hyperref Info: PDF/A mode OFF on input line 6093.

(d:/TeX/texstudio/texlive/texlive/2024/texmf-dist/tex/latex/base/atbegshi-ltx.s
ty
Package: atbegshi-ltx 2021/01/10 v1.0c Emulation of the original atbegshi
package with kernel methods
)
\Hy@abspage=\count285
\c@Item=\count286
\c@Hfootnote=\count287
)
Package hyperref Info: Driver (autodetected): hxetex.

(d:/TeX/texstudio/texlive/texlive/2024/texmf-dist/tex/latex/hyperref/hxetex.def
File: hxetex.def 2024-01-20 v7.01h Hyperref driver for XeTeX

(d:/TeX/texstudio/texlive/texlive/2024/texmf-dist/tex/generic/stringenc/stringe
nc.sty
Package: stringenc 2019/11/29 v1.12 Convert strings between diff. encodings (HO
)
)
\pdfm@box=\box53
\c@Hy@AnnotLevel=\count288
\HyField@AnnotCount=\count289
\Fld@listcount=\count290
\c@bookmark@seq@number=\count291

(d:/TeX/texstudio/texlive/texlive/2024/texmf-dist/tex/latex/rerunfilecheck/reru
nfilecheck.sty
Package: rerunfilecheck 2022-07-10 v1.10 Rerun checks for auxiliary files (HO)

(d:/TeX/texstudio/texlive/texlive/2024/texmf-dist/tex/latex/base/atveryend-ltx.
sty
Package: atveryend-ltx 2020/08/19 v1.0a Emulation of the original atveryend pac
kage
with kernel methods
)
(d:/TeX/texstudio/texlive/texlive/2024/texmf-dist/tex/generic/uniquecounter/uni
quecounter.sty
Package: uniquecounter 2019/12/15 v1.4 Provide unlimited unique counter (HO)
)
Package uniquecounter Info: New unique counter `rerunfilecheck' on input line 2
85.
)
\Hy@SectionHShift=\skip56
)
(d:/TeX/texstudio/texlive/texlive/2024/texmf-dist/tex/latex/float/float.sty
Package: float 2001/11/08 v1.3d Float enhancements (AL)
\c@float@type=\count292
\float@exts=\toks18
\float@box=\box54
\@float@everytoks=\toks19
\@floatcapt=\box55
)
(d:/TeX/texstudio/texlive/texlive/2024/texmf-dist/tex/latex/pdflscape/pdflscape
.sty
Package: pdflscape 2022-10-27 v0.13 Display of landscape pages in PDF

(d:/TeX/texstudio/texlive/texlive/2024/texmf-dist/tex/latex/pdflscape/pdflscape
-nometadata.sty
Package: pdflscape-nometadata 2022-10-28 v0.13 Display of landscape pages in PD
F (HO)

(d:/TeX/texstudio/texlive/texlive/2024/texmf-dist/tex/latex/graphics/lscape.sty
Package: lscape 2020/05/28 v3.02 Landscape Pages (DPC)
)
Package pdflscape Info: Auto-detected driver: dvipdfm (xetex) on input line 98.

))
(d:/TeX/texstudio/texlive/texlive/2024/texmf-dist/tex/latex/xltabular/xltabular
.sty
Package: xltabular 2020/11/04 v0.2e `xltabular' package (hv,RN)

(d:/TeX/texstudio/texlive/texlive/2024/texmf-dist/tex/latex/tools/tabularx.sty
Package: tabularx 2023/07/08 v2.11c `tabularx' package (DPC)

(d:/TeX/texstudio/texlive/texlive/2024/texmf-dist/tex/latex/tools/array.sty
Package: array 2023/10/16 v2.5g Tabular extension package (FMi)
\col@sep=\dimen150
\ar@mcellbox=\box56
\extrarowheight=\dimen151
\NC@list=\toks20
\extratabsurround=\skip57
\backup@length=\skip58
\ar@cellbox=\box57
)
\TX@col@width=\dimen152
\TX@old@table=\dimen153
\TX@old@col=\dimen154
\TX@target=\dimen155
\TX@delta=\dimen156
\TX@cols=\count293
\TX@ftn=\toks21
)
(d:/TeX/texstudio/texlive/texlive/2024/texmf-dist/tex/latex/ltablex/ltablex.sty
Package: ltablex 2014/08/13 v1.1 Modified tabularx

(d:/TeX/texstudio/texlive/texlive/2024/texmf-dist/tex/latex/tools/longtable.sty
Package: longtable 2023-11-01 v4.19 Multi-page Table package (DPC)
\LTleft=\skip59
\LTright=\skip60
\LTpre=\skip61
\LTpost=\skip62
\LTchunksize=\count294
\LTcapwidth=\dimen157
\LT@head=\box58
\LT@firsthead=\box59
\LT@foot=\box60
\LT@lastfoot=\box61
\LT@gbox=\box62
\LT@cols=\count295
\LT@rows=\count296
\c@LT@tables=\count297
\c@LT@chunks=\count298
\LT@p@ftn=\toks22
)))
(d:/TeX/texstudio/texlive/texlive/2024/texmf-dist/tex/latex/makecell/makecell.s
ty
Package: makecell 2009/08/03 V0.1e Managing of Tab Column Heads and Cells
\rotheadsize=\dimen158
\c@nlinenum=\count299
\TeXr@lab=\toks23
)

Package array Warning: Redefining primitive column r on input line 16.


(d:/TeX/texstudio/texlive/texlive/2024/texmf-dist/tex/latex/caption/caption.sty
Package: caption 2023/08/05 v3.6o Customizing captions (AR)

(d:/TeX/texstudio/texlive/texlive/2024/texmf-dist/tex/latex/caption/caption3.st
y
Package: caption3 2023/07/31 v2.4d caption3 kernel (AR)
\caption@tempdima=\dimen159
\captionmargin=\dimen160
\caption@leftmargin=\dimen161
\caption@rightmargin=\dimen162
\caption@width=\dimen163
\caption@indent=\dimen164
\caption@parindent=\dimen165
\caption@hangindent=\dimen166
Package caption Info: Unknown document class (or package),
(caption)             standard defaults will be used.
Package caption Info: \@makecaption = \long macro:#1#2->\vskip \abovecaptionski
p \sbox \@tempboxa {#1 -- #2}\ifdim \wd \@tempboxa >\hsize #1 -- #2\par \else \
global \@minipagefalse \if \instring {Таб}{#1} \hb@xt@ \hsize {\box \@tempboxa 
\hfil }\else \hb@xt@ \hsize {\hfil \box \@tempboxa \hfil }\fi \fi \vskip \below
captionskip  on input line 1175.
)

Package caption Warning: Unknown document class (or package),
(caption)                standard defaults will be used.
See the caption package documentation for explanation.

\c@caption@flags=\count300
\c@continuedfloat=\count301
Package caption Info: float package is loaded.
Package caption Info: hyperref package is loaded.
Package caption Info: longtable package is loaded.

(d:/TeX/texstudio/texlive/texlive/2024/texmf-dist/tex/latex/caption/ltcaption.s
ty
Package: ltcaption 2021/01/08 v1.4c longtable captions (AR)
))
(d:/TeX/texstudio/texlive/texlive/2024/texmf-dist/tex/latex/enumitem/enumitem.s
ty
Package: enumitem 2019/06/20 v3.9 Customized lists
\labelindent=\skip63
\enit@outerparindent=\dimen167
\enit@toks=\toks24
\enit@inbox=\box63
\enit@count@id=\count302
\enitdp@description=\count303
)
(d:/TeX/texstudio/texlive/texlive/2024/texmf-dist/tex/latex/graphics/color.sty
Package: color 2022/01/06 v1.3d Standard LaTeX Color (DPC)

(d:/TeX/texstudio/texlive/texlive/2024/texmf-dist/tex/latex/graphics-cfg/color.
cfg
File: color.cfg 2016/01/02 v1.6 sample color configuration
)
Package color Info: Driver file: xetex.def on input line 149.

(d:/TeX/texstudio/texlive/texlive/2024/texmf-dist/tex/latex/graphics/mathcolor.
ltx))
(d:/TeX/texstudio/texlive/texlive/2024/texmf-dist/tex/latex/listings/listings.s
ty
\lst@mode=\count304
\lst@gtempboxa=\box64
\lst@token=\toks25
\lst@length=\count305
\lst@currlwidth=\dimen168
\lst@column=\count306
\lst@pos=\count307
\lst@lostspace=\dimen169
\lst@width=\dimen170
\lst@newlines=\count308
\lst@lineno=\count309
\lst@maxwidth=\dimen171

(d:/TeX/texstudio/texlive/texlive/2024/texmf-dist/tex/latex/listings/lstpatch.s
ty
File: lstpatch.sty 2024/03/11 1.10a (Carsten Heinz)
)
(d:/TeX/texstudio/texlive/texlive/2024/texmf-dist/tex/latex/listings/lstmisc.st
y
File: lstmisc.sty 2024/03/11 1.10a (Carsten Heinz)
\c@lstnumber=\count310
\lst@skipnumbers=\count311
\lst@framebox=\box65
)
(d:/TeX/texstudio/texlive/texlive/2024/texmf-dist/tex/latex/listings/listings.c
fg
File: listings.cfg 2024/03/11 1.10a listings configuration
))
Package: listings 2024/03/11 1.10a (Carsten Heinz)

Package fontspec Info: 
(fontspec)             Verdana scale = 0.7.


Package fontspec Info: 
(fontspec)             Verdana scale = 0.7.


Package fontspec Info: 
(fontspec)             Verdana scale = 0.7.


Package fontspec Info: 
(fontspec)             Verdana/B scale = 0.7.


Package fontspec Info: 
(fontspec)             Verdana/B scale = 0.7.


Package fontspec Info: 
(fontspec)             Verdana/I scale = 0.7.


Package fontspec Info: 
(fontspec)             Verdana/I scale = 0.7.


Package fontspec Info: 
(fontspec)             Verdana/BI scale = 0.7.


Package fontspec Info: 
(fontspec)             Verdana/BI scale = 0.7.


Package fontspec Info: 
(fontspec)             Font family 'Verdana(0)' created for font 'Verdana'
(fontspec)             with options
(fontspec)             [WordSpace={1,0,0},HyphenChar=None,PunctuationSpace=Word
Space,Scale=0.7].
(fontspec)              
(fontspec)              This font family consists of the following NFSS
(fontspec)             series/shapes:
(fontspec)              
(fontspec)             - 'normal' (m/n) with NFSS spec.:
(fontspec)             <->s*[0.7]"Verdana/OT:script=latn;language=dflt;"
(fontspec)             - 'small caps'  (m/sc) with NFSS spec.:
(fontspec)             <->s*[0.7]"Verdana/OT:script=latn;language=dflt;+smcp;"
(fontspec)             and font adjustment code:
(fontspec)             \fontdimen 2\font =1\fontdimen 2\font \fontdimen 3\font
(fontspec)             =0\fontdimen 3\font \fontdimen 4\font =0\fontdimen
(fontspec)             4\font \fontdimen 7\font =0\fontdimen 2\font
(fontspec)             \tex_hyphenchar:D \font =-1\scan_stop: 
(fontspec)             - 'bold' (b/n) with NFSS spec.:
(fontspec)             <->s*[0.7]"Verdana/B/OT:script=latn;language=dflt;"
(fontspec)             - 'bold small caps'  (b/sc) with NFSS spec.:
(fontspec)             <->s*[0.7]"Verdana/B/OT:script=latn;language=dflt;+smcp;
"
(fontspec)             and font adjustment code:
(fontspec)             \fontdimen 2\font =1\fontdimen 2\font \fontdimen 3\font
(fontspec)             =0\fontdimen 3\font \fontdimen 4\font =0\fontdimen
(fontspec)             4\font \fontdimen 7\font =0\fontdimen 2\font
(fontspec)             \tex_hyphenchar:D \font =-1\scan_stop: 
(fontspec)             - 'italic' (m/it) with NFSS spec.:
(fontspec)             <->s*[0.7]"Verdana/I/OT:script=latn;language=dflt;"
(fontspec)             - 'italic small caps'  (m/scit) with NFSS spec.:
(fontspec)             <->s*[0.7]"Verdana/I/OT:script=latn;language=dflt;+smcp;
"
(fontspec)             and font adjustment code:
(fontspec)             \fontdimen 2\font =1\fontdimen 2\font \fontdimen 3\font
(fontspec)             =0\fontdimen 3\font \fontdimen 4\font =0\fontdimen
(fontspec)             4\font \fontdimen 7\font =0\fontdimen 2\font
(fontspec)             \tex_hyphenchar:D \font =-1\scan_stop: 
(fontspec)             - 'bold italic' (b/it) with NFSS spec.:
(fontspec)             <->s*[0.7]"Verdana/BI/OT:script=latn;language=dflt;"
(fontspec)             - 'bold italic small caps'  (b/scit) with NFSS spec.:
(fontspec)             <->s*[0.7]"Verdana/BI/OT:script=latn;language=dflt;+smcp
;"
(fontspec)             and font adjustment code:
(fontspec)             \fontdimen 2\font =1\fontdimen 2\font \fontdimen 3\font
(fontspec)             =0\fontdimen 3\font \fontdimen 4\font =0\fontdimen
(fontspec)             4\font \fontdimen 7\font =0\fontdimen 2\font
(fontspec)             \tex_hyphenchar:D \font =-1\scan_stop: 


(d:/TeX/texstudio/texlive/texlive/2024/texmf-dist/tex/latex/listings/lstlang1.s
ty
File: lstlang1.sty 2024/03/11 1.10a listings language file
)
(d:/TeX/texstudio/texlive/texlive/2024/texmf-dist/tex/latex/listings/lstmisc.st
y
File: lstmisc.sty 2024/03/11 1.10a (Carsten Heinz)
)) (./main.aux)
\openout1 = `main.aux'.

LaTeX Font Info:    Checking defaults for OML/cmm/m/it on input line 31.
LaTeX Font Info:    ... okay on input line 31.
LaTeX Font Info:    Checking defaults for OMS/cmsy/m/n on input line 31.
LaTeX Font Info:    ... okay on input line 31.
LaTeX Font Info:    Checking defaults for OT1/cmr/m/n on input line 31.
LaTeX Font Info:    ... okay on input line 31.
LaTeX Font Info:    Checking defaults for T1/cmr/m/n on input line 31.
LaTeX Font Info:    ... okay on input line 31.
LaTeX Font Info:    Checking defaults for TS1/cmr/m/n on input line 31.
LaTeX Font Info:    Trying to load font information for TS1+cmr on input line 3
1.

(d:/TeX/texstudio/texlive/texlive/2024/texmf-dist/tex/latex/base/ts1cmr.fd
File: ts1cmr.fd 2023/04/13 v2.5m Standard LaTeX font definitions
)
LaTeX Font Info:    ... okay on input line 31.
LaTeX Font Info:    Checking defaults for TU/lmr/m/n on input line 31.
LaTeX Font Info:    ... okay on input line 31.
LaTeX Font Info:    Checking defaults for OMX/cmex/m/n on input line 31.
LaTeX Font Info:    ... okay on input line 31.
LaTeX Font Info:    Checking defaults for U/cmr/m/n on input line 31.
LaTeX Font Info:    ... okay on input line 31.
LaTeX Font Info:    Checking defaults for PD1/pdf/m/n on input line 31.
LaTeX Font Info:    ... okay on input line 31.
LaTeX Font Info:    Checking defaults for PU/pdf/m/n on input line 31.
LaTeX Font Info:    ... okay on input line 31.

Package fontspec Info: 
(fontspec)             Adjusting the maths setup (use [no-math] to avoid
(fontspec)             this).

\symlegacymaths=\mathgroup4
LaTeX Font Info:    Overwriting symbol font `legacymaths' in version `bold'
(Font)                  OT1/cmr/m/n --> OT1/cmr/bx/n on input line 31.
LaTeX Font Info:    Redeclaring math accent \acute on input line 31.
LaTeX Font Info:    Redeclaring math accent \grave on input line 31.
LaTeX Font Info:    Redeclaring math accent \ddot on input line 31.
LaTeX Font Info:    Redeclaring math accent \tilde on input line 31.
LaTeX Font Info:    Redeclaring math accent \bar on input line 31.
LaTeX Font Info:    Redeclaring math accent \breve on input line 31.
LaTeX Font Info:    Redeclaring math accent \check on input line 31.
LaTeX Font Info:    Redeclaring math accent \hat on input line 31.
LaTeX Font Info:    Redeclaring math accent \dot on input line 31.
LaTeX Font Info:    Redeclaring math accent \mathring on input line 31.
LaTeX Font Info:    Redeclaring math symbol \colon on input line 31.
LaTeX Font Info:    Redeclaring math symbol \Gamma on input line 31.
LaTeX Font Info:    Redeclaring math symbol \Delta on input line 31.
LaTeX Font Info:    Redeclaring math symbol \Theta on input line 31.
LaTeX Font Info:    Redeclaring math symbol \Lambda on input line 31.
LaTeX Font Info:    Redeclaring math symbol \Xi on input line 31.
LaTeX Font Info:    Redeclaring math symbol \Pi on input line 31.
LaTeX Font Info:    Redeclaring math symbol \Sigma on input line 31.
LaTeX Font Info:    Redeclaring math symbol \Upsilon on input line 31.
LaTeX Font Info:    Redeclaring math symbol \Phi on input line 31.
LaTeX Font Info:    Redeclaring math symbol \Psi on input line 31.
LaTeX Font Info:    Redeclaring math symbol \Omega on input line 31.
LaTeX Font Info:    Redeclaring math symbol \mathdollar on input line 31.
LaTeX Font Info:    Redeclaring symbol font `operators' on input line 31.
LaTeX Font Info:    Encoding `OT1' has changed to `TU' for symbol font
(Font)              `operators' in the math version `normal' on input line 31.
LaTeX Font Info:    Overwriting symbol font `operators' in version `normal'
(Font)                  OT1/cmr/m/n --> TU/TimesNewRoman(0)/m/n on input line 3
1.
LaTeX Font Info:    Encoding `OT1' has changed to `TU' for symbol font
(Font)              `operators' in the math version `bold' on input line 31.
LaTeX Font Info:    Overwriting symbol font `operators' in version `bold'
(Font)                  OT1/cmr/bx/n --> TU/TimesNewRoman(0)/m/n on input line 
31.
LaTeX Font Info:    Overwriting symbol font `operators' in version `normal'
(Font)                  TU/TimesNewRoman(0)/m/n --> TU/TimesNewRoman(0)/m/n on 
input line 31.
LaTeX Font Info:    Overwriting math alphabet `\mathit' in version `normal'
(Font)                  OT1/cmr/m/it --> TU/TimesNewRoman(0)/m/it on input line
 31.
LaTeX Font Info:    Overwriting math alphabet `\mathbf' in version `normal'
(Font)                  OT1/cmr/bx/n --> TU/TimesNewRoman(0)/b/n on input line 
31.
LaTeX Font Info:    Overwriting math alphabet `\mathsf' in version `normal'
(Font)                  OT1/cmss/m/n --> TU/lmss/m/n on input line 31.
LaTeX Font Info:    Overwriting math alphabet `\mathtt' in version `normal'
(Font)                  OT1/cmtt/m/n --> TU/Verdana(0)/m/n on input line 31.
LaTeX Font Info:    Overwriting symbol font `operators' in version `bold'
(Font)                  TU/TimesNewRoman(0)/m/n --> TU/TimesNewRoman(0)/b/n on 
input line 31.
LaTeX Font Info:    Overwriting math alphabet `\mathit' in version `bold'
(Font)                  OT1/cmr/bx/it --> TU/TimesNewRoman(0)/b/it on input lin
e 31.
LaTeX Font Info:    Overwriting math alphabet `\mathsf' in version `bold'
(Font)                  OT1/cmss/bx/n --> TU/lmss/b/n on input line 31.
LaTeX Font Info:    Overwriting math alphabet `\mathtt' in version `bold'
(Font)                  OT1/cmtt/m/n --> TU/Verdana(0)/b/n on input line 31.
LaTeX Info: Redefining \th on input line 31.
Package hyperref Info: Link coloring OFF on input line 31.

(./main.out) (./main.out)
\@outlinefile=\write3
\openout3 = `main.out'.

Package caption Info: Begin \AtBeginDocument code.
Package caption Info: listings package is loaded.
Package caption Info: End \AtBeginDocument code.
\c@lstlisting=\count312
LaTeX Font Info:    External font `cmex10' loaded for size
(Font)              <14.4> on input line 33.
LaTeX Font Info:    External font `cmex10' loaded for size
(Font)              <7> on input line 33.

Overfull \hbox (4.70218pt too wide) in paragraph at lines 33--33
[] 
 []


Overfull \hbox (4.70218pt too wide) in paragraph at lines 33--33
[]
 []


Underfull \hbox (badness 10000) in paragraph at lines 33--33

 []

[1] (./ЛистЗадания.tex [2] (./main.lop)
\tf@lop=\write4
\openout4 = `main.lop'.


Overfull \hbox (4.70218pt too wide) in paragraph at lines 95--106
[][]
 []


Underfull \hbox (badness 10000) in paragraph at lines 95--106

 []

) (./Реферат.tex [3] [4]
\c=\count313
\last=\count314
\pnul=\count315
\c=\count316
\last=\count317
\pnul=\count318
\c=\count319
\last=\count320
\pnul=\count321
\c=\count322
\last=\count323
\pnul=\count324
 [5]
\c=\count325
\last=\count326
\pnul=\count327
\c=\count328
\last=\count329
\pnul=\count330
\c=\count331
\last=\count332
\pnul=\count333
\c=\count334
\last=\count335
\pnul=\count336
) [6] (./main.toc [7] [8])
\tf@toc=\write5
\openout5 = `main.toc'.

 (./main.lpc)
\tf@lpc=\write6
\openout6 = `main.lpc'.


(./Обозначения.tex [9]) (./Введение.tex [10] [11]
Underfull \hbox (badness 10000) in paragraph at lines 6--7
[]\TU/TimesNewRoman(0)/m/n/14.4 Система контроля и управления доступом (СКУД) я
вляется
 []


Underfull \hbox (badness 6284) in paragraph at lines 6--7
\TU/TimesNewRoman(0)/m/n/14.4 программно-аппаратным комплексом, в основе которо
го лежит прин-
 []

[12]
\c=\count337
\last=\count338
\pnul=\count339
 [13]) (./Анализ.tex [14]
Underfull \hbox (badness 1371) in paragraph at lines 10--11
[]\TU/TimesNewRoman(0)/m/n/14.4 В большинстве случаев профессиональные СКУД обе
спечивают и
 []

[15] [16] [17]
File: images/CommonScheme1.jpg Graphic file (type bmp)
<images/CommonScheme1.jpg>
 [18] [19] [20] [21]) (./ТехЗадание.tex [22] [23] [24]
File: images/ER.eps Graphic file (type eps)
<images/ER.eps>

Underfull \hbox (badness 1715) in paragraph at lines 73--75
[]\TU/TimesNewRoman(0)/m/n/14.4 На основании анализа предметной области, разраб
атываемая про-
 []

[25]
File: images/CommonScheme2.eps Graphic file (type eps)
<images/CommonScheme2.eps>
 [26]
Underfull \hbox (badness 10000) in paragraph at lines 108--108
[]\TU/TimesNewRoman(0)/b/n/14.4 2.7.3 Вариант использования «Перейти к
 []


Underfull \hbox (badness 10000) in paragraph at lines 112--112
[]\TU/TimesNewRoman(0)/b/n/14.4 2.7.4 Вариант использования «Найти элемент по
 []

[27]
Underfull \hbox (badness 10000) in paragraph at lines 120--120
[]\TU/TimesNewRoman(0)/b/n/14.4 2.7.6 Вариант использования «Редактировать выбр
анный
 []

[28]
File: images/CommonScheme3.eps Graphic file (type eps)
<images/CommonScheme3.eps>
 [29]) (./ТехПроект.tex [30] [31]
Underfull \hbox (badness 3108) in paragraph at lines 22--23
[]\TU/TimesNewRoman(0)/m/n/14.4 Технологии и инструменты: В разработке использо
вались tkinter,
 []


Underfull \hbox (badness 10000) in paragraph at lines 26--26
[]\TU/TimesNewRoman(0)/b/n/14.4 3.3.1 Описание используемых технологий и языков

 []

[32] [33] [34]
Underfull \hbox (badness 1087) in paragraph at lines 90--91
\TU/TimesNewRoman(0)/m/n/14.4 Добавление, изменение или удаление элементов реал
изованы в методах
 []

[35]
File: images/Example2.jpg Graphic file (type bmp)
<images/Example2.jpg>
 [36]
File: images/Example1.jpg Graphic file (type bmp)
<images/Example1.jpg>
File: images/Example3.jpg Graphic file (type bmp)
<images/Example3.jpg>
 [37]
File: images/CommonScheme4.jpg Graphic file (type bmp)
<images/CommonScheme4.jpg>
 [38] [39] [40]
Underfull \hbox (badness 3428) in paragraph at lines 196--197
[]\TU/TimesNewRoman(0)/m/n/14.4 Utils.py - служебный класс, внутри которого реа
лизованы функ-
 []


Underfull \hbox (badness 10000) in paragraph at lines 196--197
\TU/TimesNewRoman(0)/m/n/14.4 ции запросов к базе данных, асинхронное обновлени
е системного
 []


Underfull \hbox (badness 6542) in paragraph at lines 196--197
\TU/TimesNewRoman(0)/m/n/14.4 времени(Например, подключение к БД - create$[]$co
nnection(), чтение -
 []

) (./РабочийПроект.tex [41]
Underfull \hbox (badness 10000) in paragraph at lines 227--227
[]|\TU/TimesNewRoman(0)/m/n/14.4 Главный
 []


Underfull \hbox (badness 10000) in paragraph at lines 227--227
[]|\TU/TimesNewRoman(0)/m/n/14.4 Главный
 []


Underfull \hbox (badness 10000) in paragraph at lines 227--227
[]|\TU/TimesNewRoman(0)/m/n/14.4 window – эк-
 []


Underfull \hbox (badness 10000) in paragraph at lines 227--227
\TU/TimesNewRoman(0)/m/n/14.4 земпляр класса
 []


Underfull \hbox (badness 10000) in paragraph at lines 227--227
\TU/TimesNewRoman(0)/m/n/14.4 customtkinter.CTk(),
 []


Underfull \hbox (badness 10000) in paragraph at lines 227--227
[]|\TU/TimesNewRoman(0)/m/n/14.4 Главный
 []


Underfull \hbox (badness 10000) in paragraph at lines 227--227
[]|\TU/TimesNewRoman(0)/m/n/14.4 frame – экзем-
 []


Underfull \hbox (badness 10000) in paragraph at lines 227--227
\TU/TimesNewRoman(0)/m/n/14.4 пляр класса
 []


Overfull \hbox (19.57422pt too wide) in paragraph at lines 227--227
\TU/TimesNewRoman(0)/m/n/14.4 customtkinter.CTkFrame(),
 []


Underfull \hbox (badness 10000) in paragraph at lines 227--227
[]|\TU/TimesNewRoman(0)/m/n/14.4 Главный
 []


Underfull \hbox (badness 10000) in paragraph at lines 227--227
[]|\TU/TimesNewRoman(0)/m/n/14.4 connection – строка,
 []


Underfull \hbox (badness 10000) in paragraph at lines 227--227
[]|\TU/TimesNewRoman(0)/m/n/14.4 Главный
 []


Underfull \hbox (badness 3646) in paragraph at lines 227--227
[]|\TU/TimesNewRoman(0)/m/n/14.4 ask$[]$lb, timer$[]$lb – ви-
 []


Underfull \hbox (badness 1102) in paragraph at lines 227--227
\TU/TimesNewRoman(0)/m/n/14.4 джеты текста в глав-
 []


Underfull \hbox (badness 10000) in paragraph at lines 227--227
[]|\TU/TimesNewRoman(0)/m/n/14.4 Главный
 []


Underfull \hbox (badness 10000) in paragraph at lines 227--227
[]|\TU/TimesNewRoman(0)/m/n/14.4 pns$[]$btn, rms$[]$btn,
 []


Underfull \hbox (badness 10000) in paragraph at lines 227--227
\TU/TimesNewRoman(0)/m/n/14.4 drs$[]$btn, psr$[]$btn,
 []


Underfull \hbox (badness 10000) in paragraph at lines 227--227
\TU/TimesNewRoman(0)/m/n/14.4 psr$[]$ua$[]$btn – видже-
 []


Underfull \hbox (badness 10000) in paragraph at lines 227--227
[]|\TU/TimesNewRoman(0)/m/n/14.4 Главный
 []


Underfull \hbox (badness 7558) in paragraph at lines 227--227
\TU/TimesNewRoman(0)/m/n/14.4 уверен ли пользова-
 []


Underfull \hbox (badness 10000) in paragraph at lines 227--227
[]|\TU/TimesNewRoman(0)/m/n/14.4 Главный
 []


Underfull \hbox (badness 10000) in paragraph at lines 227--227
[]|\TU/TimesNewRoman(0)/m/n/14.4 styles$[]$init – метод
 []


Underfull \hbox (badness 10000) in paragraph at lines 227--227
\TU/TimesNewRoman(0)/m/n/14.4 для инициализации
 []


Underfull \hbox (badness 10000) in paragraph at lines 227--227
\TU/TimesNewRoman(0)/m/n/14.4 стилей и добавле-
 []


Underfull \hbox (badness 10000) in paragraph at lines 227--227
\TU/TimesNewRoman(0)/m/n/14.4 ния его в список
 []


Underfull \hbox (badness 10000) in paragraph at lines 227--227
[]|\TU/TimesNewRoman(0)/m/n/14.4 styles$[]$init(st). При-
 []


Underfull \hbox (badness 10000) in paragraph at lines 227--227
\TU/TimesNewRoman(0)/m/n/14.4 нимает на вход
 []


Underfull \hbox (badness 10000) in paragraph at lines 227--227
\TU/TimesNewRoman(0)/m/n/14.4 экземпляр класса
 []


Underfull \hbox (badness 5091) in paragraph at lines 227--227
\TU/TimesNewRoman(0)/m/n/14.4 Style, который будет
 []


Underfull \hbox (badness 10000) in paragraph at lines 227--227
[]|\TU/TimesNewRoman(0)/m/n/14.4 Главный
 []


Underfull \hbox (badness 10000) in paragraph at lines 227--227
[]|\TU/TimesNewRoman(0)/m/n/14.4 show$[]$table – метод
 []


Underfull \hbox (badness 10000) in paragraph at lines 227--227
\TU/TimesNewRoman(0)/m/n/14.4 для перехода к па-
 []


Underfull \hbox (badness 10000) in paragraph at lines 227--227
\TU/TimesNewRoman(0)/m/n/14.4 нели управления
 []


Underfull \hbox (badness 4832) in paragraph at lines 227--227
\TU/TimesNewRoman(0)/m/n/14.4 выбранной таблицей.
 []


Underfull \hbox (badness 10000) in paragraph at lines 227--227
\TU/TimesNewRoman(0)/m/n/14.4 Отображает, настра-
 []


Underfull \hbox (badness 10000) in paragraph at lines 227--227
\TU/TimesNewRoman(0)/m/n/14.4 ивает и группирует
 []


Underfull \hbox (badness 10000) in paragraph at lines 227--227
\TU/TimesNewRoman(0)/m/n/14.4 каждый элемент по
 []


Underfull \hbox (badness 10000) in paragraph at lines 227--227
[]|\TU/TimesNewRoman(0)/m/n/14.4 show$[]$table(which,
 []


Underfull \hbox (badness 10000) in paragraph at lines 227--227
\TU/TimesNewRoman(0)/m/n/14.4 window, tables,
 []


Underfull \hbox (badness 10000) in paragraph at lines 227--227
[]\TU/TimesNewRoman(0)/m/n/14.4 Принимает на вход
 []


Underfull \hbox (badness 10000) in paragraph at lines 227--227
\TU/TimesNewRoman(0)/m/n/14.4 название таблицы,
 []


Underfull \hbox (badness 10000) in paragraph at lines 227--227
\TU/TimesNewRoman(0)/m/n/14.4 экземпляр окна, эк-
 []


Underfull \hbox (badness 10000) in paragraph at lines 227--227
\TU/TimesNewRoman(0)/m/n/14.4 земпляр tables, и
 []


Underfull \hbox (badness 10000) in paragraph at lines 227--227
\TU/TimesNewRoman(0)/m/n/14.4 строку подключения
 []


Underfull \hbox (badness 10000) in paragraph at lines 227--227
[]|\TU/TimesNewRoman(0)/m/n/14.4 Главный
 []


Underfull \hbox (badness 10000) in paragraph at lines 227--227
[]|\TU/TimesNewRoman(0)/m/n/14.4 fields$[]$creation – ме-
 []


Underfull \hbox (badness 10000) in paragraph at lines 227--227
\TU/TimesNewRoman(0)/m/n/14.4 тод, вызываемый в
 []


Underfull \hbox (badness 10000) in paragraph at lines 227--227
\TU/TimesNewRoman(0)/m/n/14.4 и направленно на-
 []


Underfull \hbox (badness 1275) in paragraph at lines 227--227
\TU/TimesNewRoman(0)/m/n/14.4 страивает поля ввода
 []


Underfull \hbox (badness 10000) in paragraph at lines 227--227
[]|\TU/TimesNewRoman(0)/m/n/14.4 fields$[]$creation(which,
 []


Underfull \hbox (badness 10000) in paragraph at lines 227--227
[]\TU/TimesNewRoman(0)/m/n/14.4 На вход принимает
 []


Underfull \hbox (badness 10000) in paragraph at lines 227--227
\TU/TimesNewRoman(0)/m/n/14.4 название таблицы,
 []


Underfull \hbox (badness 10000) in paragraph at lines 227--227
\TU/TimesNewRoman(0)/m/n/14.4 экземпляр поля для
 []


Underfull \hbox (badness 10000) in paragraph at lines 227--227
\TU/TimesNewRoman(0)/m/n/14.4 виджетов, экземпляр
 []


Underfull \hbox (badness 10000) in paragraph at lines 227--227
[]\TU/TimesNewRoman(0)/m/n/14.4 Возвращает: tuple
 []


Underfull \hbox (badness 10000) in paragraph at lines 227--227
\TU/TimesNewRoman(0)/m/n/14.4 (validatedTFs,
 []


Underfull \hbox (badness 10000) in paragraph at lines 227--227
\TU/TimesNewRoman(0)/m/n/14.4 combolist) – кор-
 []


Underfull \hbox (badness 2368) in paragraph at lines 227--227
\TU/TimesNewRoman(0)/m/n/14.4 теж сформированных
 []


Underfull \hbox (badness 10000) in paragraph at lines 227--227
[]|\TU/TimesNewRoman(0)/m/n/14.4 Главный
 []


Underfull \hbox (badness 10000) in paragraph at lines 227--227
[]|\TU/TimesNewRoman(0)/m/n/14.4 clear(keyLabel,
 []


Underfull \hbox (badness 10000) in paragraph at lines 227--227
\TU/TimesNewRoman(0)/m/n/14.4 combinedControls,
 []


Underfull \hbox (badness 10000) in paragraph at lines 227--227
[]\TU/TimesNewRoman(0)/m/n/14.4 На вход принимает
 []


Underfull \hbox (badness 2626) in paragraph at lines 227--227
\TU/TimesNewRoman(0)/m/n/14.4 таблицу отображения
 []


Underfull \hbox (badness 1565) in paragraph at lines 227--227
\TU/TimesNewRoman(0)/m/n/14.4 лей ввода, экземпляр
 []


Underfull \hbox (badness 10000) in paragraph at lines 227--227
[]|\TU/TimesNewRoman(0)/m/n/14.4 Главный
 []


Underfull \hbox (badness 10000) in paragraph at lines 227--227
[]|\TU/TimesNewRoman(0)/m/n/14.4 TreeCreate – метод,
 []


Underfull \hbox (badness 10000) in paragraph at lines 227--227
\TU/TimesNewRoman(0)/m/n/14.4 отображающий теку-
 []


Underfull \hbox (badness 1558) in paragraph at lines 227--227
\TU/TimesNewRoman(0)/m/n/14.4 щую таблицу в виде
 []


Underfull \hbox (badness 10000) in paragraph at lines 227--227
[]|\TU/TimesNewRoman(0)/m/n/14.4 TreeCreate(tree, table,
 []


Underfull \hbox (badness 10000) in paragraph at lines 227--227
[]\TU/TimesNewRoman(0)/m/n/14.4 На вход принимает
 []


Underfull \hbox (badness 10000) in paragraph at lines 227--227
\TU/TimesNewRoman(0)/m/n/14.4 экземпляр класса
 []


Underfull \hbox (badness 2970) in paragraph at lines 227--227
\TU/TimesNewRoman(0)/m/n/14.4 ttk.TreeView, который
 []


Underfull \hbox (badness 10000) in paragraph at lines 227--227
\TU/TimesNewRoman(0)/m/n/14.4 будет пересоздавать,
 []


Underfull \hbox (badness 10000) in paragraph at lines 227--227
\TU/TimesNewRoman(0)/m/n/14.4 название табли-
 []


Underfull \hbox (badness 10000) in paragraph at lines 227--227
\TU/TimesNewRoman(0)/m/n/14.4 цы, экземпляр поля
 []


Underfull \hbox (badness 10000) in paragraph at lines 227--227
\TU/TimesNewRoman(0)/m/n/14.4 виджетов, строку
 []


Underfull \hbox (badness 10000) in paragraph at lines 227--227
[]\TU/TimesNewRoman(0)/m/n/14.4 Возвращает:
 []


Underfull \hbox (badness 10000) in paragraph at lines 227--227
\TU/TimesNewRoman(0)/m/n/14.4 TreeView.tree – со-
 []


Underfull \hbox (badness 10000) in paragraph at lines 227--227
\TU/TimesNewRoman(0)/m/n/14.4 зданный виджет
 []


Underfull \hbox (badness 10000) in paragraph at lines 227--227
[]|\TU/TimesNewRoman(0)/m/n/14.4 Главный
 []


Underfull \hbox (badness 5417) in paragraph at lines 227--227
[]|\TU/TimesNewRoman(0)/m/n/14.4 TreeRefresh – метод,
 []


Underfull \hbox (badness 10000) in paragraph at lines 227--227
[]\TU/TimesNewRoman(0)/m/n/14.4 На вход принимает
 []


Underfull \hbox (badness 10000) in paragraph at lines 227--227
\TU/TimesNewRoman(0)/m/n/14.4 экземпляр класса
 []


Underfull \hbox (badness 2970) in paragraph at lines 227--227
\TU/TimesNewRoman(0)/m/n/14.4 ttk.TreeView, который
 []


Underfull \hbox (badness 10000) in paragraph at lines 227--227
\TU/TimesNewRoman(0)/m/n/14.4 будет обновлять,
 []


Underfull \hbox (badness 10000) in paragraph at lines 227--227
\TU/TimesNewRoman(0)/m/n/14.4 название таблицы,
 []


Underfull \hbox (badness 10000) in paragraph at lines 227--227
[]|\TU/TimesNewRoman(0)/m/n/14.4 Главный
 []


Underfull \hbox (badness 1953) in paragraph at lines 227--227
[]|\TU/TimesNewRoman(0)/m/n/14.4 MoveTo – метод для
 []


Underfull \hbox (badness 1158) in paragraph at lines 227--227
\TU/TimesNewRoman(0)/m/n/14.4 таблицы по инденти-
 []


Underfull \hbox (badness 10000) in paragraph at lines 227--227
[]|\TU/TimesNewRoman(0)/m/n/14.4 MoveTo(id, table,
 []


Underfull \hbox (badness 10000) in paragraph at lines 227--227
\TU/TimesNewRoman(0)/m/n/14.4 combinedControls,
 []


Underfull \hbox (badness 10000) in paragraph at lines 227--227
\TU/TimesNewRoman(0)/m/n/14.4 currentLb, window,
 []


Underfull \hbox (badness 10000) in paragraph at lines 227--227
[]\TU/TimesNewRoman(0)/m/n/14.4 На вход принимает
 []


Underfull \hbox (badness 10000) in paragraph at lines 227--227
\TU/TimesNewRoman(0)/m/n/14.4 идентификатор эле-
 []


Underfull \hbox (badness 7722) in paragraph at lines 227--227
\TU/TimesNewRoman(0)/m/n/14.4 мента для перехода,
 []


Underfull \hbox (badness 1331) in paragraph at lines 227--227
\TU/TimesNewRoman(0)/m/n/14.4 имя таблицы, кортеж
 []


Underfull \hbox (badness 10000) in paragraph at lines 227--227
\TU/TimesNewRoman(0)/m/n/14.4 полей вывода, таб-
 []


Underfull \hbox (badness 10000) in paragraph at lines 227--227
\TU/TimesNewRoman(0)/m/n/14.4 личку отображения
 []


Underfull \hbox (badness 10000) in paragraph at lines 227--227
\TU/TimesNewRoman(0)/m/n/14.4 текущего Id, экзем-
 []


Underfull \hbox (badness 6063) in paragraph at lines 227--227
\TU/TimesNewRoman(0)/m/n/14.4 пляр окна и строку
 []


Underfull \hbox (badness 10000) in paragraph at lines 227--227
[]|\TU/TimesNewRoman(0)/m/n/14.4 Главный
 []


Underfull \hbox (badness 10000) in paragraph at lines 227--227
[]|\TU/TimesNewRoman(0)/m/n/14.4 show$[]$acc(connection,
 []


Underfull \hbox (badness 10000) in paragraph at lines 227--227
[]\TU/TimesNewRoman(0)/m/n/14.4 На вход принимает
 []


Underfull \hbox (badness 10000) in paragraph at lines 227--227
\TU/TimesNewRoman(0)/m/n/14.4 строку подключения
 []


Underfull \hbox (badness 4954) in paragraph at lines 227--227
\TU/TimesNewRoman(0)/m/n/14.4 к БД, флаг ЧС, эк-
 []


Underfull \hbox (badness 10000) in paragraph at lines 227--227
[]|\TU/TimesNewRoman(0)/m/n/14.4 Главный
 []


Underfull \hbox (badness 10000) in paragraph at lines 227--227
[]|\TU/TimesNewRoman(0)/m/n/14.4 toggle$[]$ES – метод
 []


Underfull \hbox (badness 10000) in paragraph at lines 227--227
\TU/TimesNewRoman(0)/m/n/14.4 обработки состоя-
 []


Underfull \hbox (badness 10000) in paragraph at lines 227--227
\TU/TimesNewRoman(0)/m/n/14.4 ний переключателя,
 []


Underfull \hbox (badness 2478) in paragraph at lines 227--227
\TU/TimesNewRoman(0)/m/n/14.4 tables,connection, tree,
 []


Underfull \hbox (badness 10000) in paragraph at lines 227--227
[]\TU/TimesNewRoman(0)/m/n/14.4 На вход принимает
 []


Underfull \hbox (badness 4621) in paragraph at lines 227--227
\TU/TimesNewRoman(0)/m/n/14.4 теля, текстовое поле
 []


Underfull \hbox (badness 1931) in paragraph at lines 227--227
\TU/TimesNewRoman(0)/m/n/14.4 для изменения выво-
 []


Underfull \hbox (badness 10000) in paragraph at lines 227--227
\TU/TimesNewRoman(0)/m/n/14.4 димой информации,
 []


Underfull \hbox (badness 7704) in paragraph at lines 227--227
\TU/TimesNewRoman(0)/m/n/14.4 строку подключения,
 []


Underfull \hbox (badness 10000) in paragraph at lines 227--227
\TU/TimesNewRoman(0)/m/n/14.4 экземпляр виджета
 []


Underfull \hbox (badness 10000) in paragraph at lines 227--227
[]|\TU/TimesNewRoman(0)/m/n/14.4 Главный
 []


Overfull \hbox (1.12424pt too wide) in paragraph at lines 227--227
[]|\TU/TimesNewRoman(0)/m/n/14.4 create$[]$connection(path). 
 []


Underfull \hbox (badness 10000) in paragraph at lines 227--227
[]\TU/TimesNewRoman(0)/m/n/14.4 На вход принимает
 []


Underfull \hbox (badness 10000) in paragraph at lines 227--227
\TU/TimesNewRoman(0)/m/n/14.4 строковый путь к
 []


Underfull \hbox (badness 10000) in paragraph at lines 227--227
[]\TU/TimesNewRoman(0)/m/n/14.4 Возвращает:
 []


Underfull \hbox (badness 10000) in paragraph at lines 227--227
\TU/TimesNewRoman(0)/m/n/14.4 sqlite3.connection
 []


Underfull \hbox (badness 10000) in paragraph at lines 227--227
\TU/TimesNewRoman(0)/m/n/14.4 connection - экзем-
 []


Underfull \hbox (badness 10000) in paragraph at lines 227--227
\TU/TimesNewRoman(0)/m/n/14.4 пляр созданного
 []


Underfull \hbox (badness 10000) in paragraph at lines 227--227
[]|\TU/TimesNewRoman(0)/m/n/14.4 Главный
 []


Underfull \hbox (badness 1546) in paragraph at lines 227--227
[]|\TU/TimesNewRoman(0)/m/n/14.4 read$[]$single$[]$row – счи-
 []


Underfull \hbox (badness 1708) in paragraph at lines 227--227
\TU/TimesNewRoman(0)/m/n/14.4 тывает единственную
 []


Underfull \hbox (badness 10000) in paragraph at lines 227--227
[]|\TU/TimesNewRoman(0)/m/n/14.4 read$[]$single$[]$row(id,
 []


Underfull \hbox (badness 10000) in paragraph at lines 227--227
[]\TU/TimesNewRoman(0)/m/n/14.4 На вход принима-
 []


Underfull \hbox (badness 10000) in paragraph at lines 227--227
\TU/TimesNewRoman(0)/m/n/14.4 ет идентификатор,
 []


Underfull \hbox (badness 10000) in paragraph at lines 227--227
\TU/TimesNewRoman(0)/m/n/14.4 по которому будет
 []


Underfull \hbox (badness 10000) in paragraph at lines 227--227
\TU/TimesNewRoman(0)/m/n/14.4 считываться строка,
 []


Underfull \hbox (badness 10000) in paragraph at lines 227--227
\TU/TimesNewRoman(0)/m/n/14.4 экземпляр подклю-
 []


Underfull \hbox (badness 10000) in paragraph at lines 227--227
\TU/TimesNewRoman(0)/m/n/14.4 чения, название
 []


Underfull \hbox (badness 10000) in paragraph at lines 227--227
[]|\TU/TimesNewRoman(0)/m/n/14.4 Главный
 []


Underfull \hbox (badness 10000) in paragraph at lines 227--227
[]|\TU/TimesNewRoman(0)/m/n/14.4 execute$[]$query(
 []


Underfull \hbox (badness 10000) in paragraph at lines 227--227
[]\TU/TimesNewRoman(0)/m/n/14.4 Возвращает: bool
 []


Underfull \hbox (badness 10000) in paragraph at lines 227--227
\TU/TimesNewRoman(0)/m/n/14.4 о том, успешно ли
 []


Underfull \hbox (badness 10000) in paragraph at lines 227--227
[]|\TU/TimesNewRoman(0)/m/n/14.4 Главный
 []


Underfull \hbox (badness 10000) in paragraph at lines 227--227
[]|\TU/TimesNewRoman(0)/m/n/14.4 execute$[]$read$[]$query –
 []


Underfull \hbox (badness 1210) in paragraph at lines 227--227
\TU/TimesNewRoman(0)/m/n/14.4 отдельный метод для
 []


Underfull \hbox (badness 10000) in paragraph at lines 227--227
[]|\TU/TimesNewRoman(0)/m/n/14.4 execute$[]$read$[]$query(
 []


Underfull \hbox (badness 10000) in paragraph at lines 227--227
[]|\TU/TimesNewRoman(0)/m/n/14.4 Главный
 []


Underfull \hbox (badness 6016) in paragraph at lines 227--227
[]|\TU/TimesNewRoman(0)/m/n/14.4 timetick – асинхрон-
 []


Underfull \hbox (badness 10000) in paragraph at lines 227--227
[]\TU/TimesNewRoman(0)/m/n/14.4 На вход принимает,
 []


Underfull \hbox (badness 10000) in paragraph at lines 227--227
[]|\TU/TimesNewRoman(0)/m/n/14.4 Главный
 []


Underfull \hbox (badness 3590) in paragraph at lines 227--227
[]|\TU/TimesNewRoman(0)/m/n/14.4 asyncMLoop – метод
 []


Underfull \hbox (badness 10000) in paragraph at lines 227--227
[]|\TU/TimesNewRoman(0)/m/n/14.4 Главный
 []


Underfull \hbox (badness 10000) in paragraph at lines 227--227
[]|\TU/TimesNewRoman(0)/m/n/14.4 asyncStart – асин-
 []


Underfull \hbox (badness 10000) in paragraph at lines 227--227
\TU/TimesNewRoman(0)/m/n/14.4 хронный метод для
 []


Underfull \hbox (badness 1014) in paragraph at lines 227--227
\TU/TimesNewRoman(0)/m/n/14.4 полей со временем в
 []


Underfull \hbox (badness 10000) in paragraph at lines 227--227
[]|\TU/TimesNewRoman(0)/m/n/14.4 asyncStart(window,
 []


Underfull \hbox (badness 10000) in paragraph at lines 227--227
[]\TU/TimesNewRoman(0)/m/n/14.4 На вход принимает
 []


Underfull \hbox (badness 2903) in paragraph at lines 227--227
\TU/TimesNewRoman(0)/m/n/14.4 для вывода времени,
 []


Underfull \hbox (badness 10000) in paragraph at lines 227--227
[]|\TU/TimesNewRoman(0)/m/n/14.4 Главный
 []


Underfull \hbox (badness 10000) in paragraph at lines 227--227
\TU/TimesNewRoman(0)/m/n/14.4 переводит названия
 []


Underfull \hbox (badness 10000) in paragraph at lines 227--227
\TU/TimesNewRoman(0)/m/n/14.4 таблиц данных с
 []


Underfull \hbox (badness 10000) in paragraph at lines 227--227
\TU/TimesNewRoman(0)/m/n/14.4 русского языка на
 []


Underfull \hbox (badness 10000) in paragraph at lines 227--227
\TU/TimesNewRoman(0)/m/n/14.4 дующих запросов к
 []


Underfull \hbox (badness 10000) in paragraph at lines 227--227
[]\TU/TimesNewRoman(0)/m/n/14.4 На вход принимает
 []


Underfull \hbox (badness 10000) in paragraph at lines 227--227
\TU/TimesNewRoman(0)/m/n/14.4 строку названия на
 []


Underfull \hbox (badness 10000) in paragraph at lines 227--227
[]\TU/TimesNewRoman(0)/m/n/14.4 Возвращает: строку
 []


Underfull \hbox (badness 7522) in paragraph at lines 227--227
\TU/TimesNewRoman(0)/m/n/14.4 названия на англий-
 []


Underfull \hbox (badness 10000) in paragraph at lines 227--227
[]|\TU/TimesNewRoman(0)/m/n/14.4 Главный
 []


Underfull \hbox (badness 4805) in paragraph at lines 227--227
[]|\TU/TimesNewRoman(0)/m/n/14.4 timeAppend – метод,
 []


Underfull \hbox (badness 10000) in paragraph at lines 227--227
\TU/TimesNewRoman(0)/m/n/14.4 переводящий строку
 []


Underfull \hbox (badness 6775) in paragraph at lines 227--227
\TU/TimesNewRoman(0)/m/n/14.4 времени из формата
 []


Overfull \hbox (7.17813pt too wide) in paragraph at lines 227--227
[]|\TU/TimesNewRoman(0)/m/n/14.4 timeAppend(timeString). 
 []


Underfull \hbox (badness 10000) in paragraph at lines 227--227
[]\TU/TimesNewRoman(0)/m/n/14.4 На вход принимает
 []


Underfull \hbox (badness 10000) in paragraph at lines 227--227
\TU/TimesNewRoman(0)/m/n/14.4 неотформатирован-
 []


Underfull \hbox (badness 10000) in paragraph at lines 227--227
[]\TU/TimesNewRoman(0)/m/n/14.4 Возвращает: строку
 []


Underfull \hbox (badness 10000) in paragraph at lines 227--227
[]|\TU/TimesNewRoman(0)/m/n/14.4 Главный
 []


Underfull \hbox (badness 10000) in paragraph at lines 227--227
[]|\TU/TimesNewRoman(0)/m/n/14.4 penalty$[]$check – ме-
 []


Underfull \hbox (badness 10000) in paragraph at lines 227--227
\TU/TimesNewRoman(0)/m/n/14.4 тод, сравнивающий
 []


Underfull \hbox (badness 5077) in paragraph at lines 227--227
\TU/TimesNewRoman(0)/m/n/14.4 данные о штрафных
 []


Underfull \hbox (badness 10000) in paragraph at lines 227--227
[]|\TU/TimesNewRoman(0)/m/n/14.4 penalty$[]$check(pennies,
 []


Underfull \hbox (badness 10000) in paragraph at lines 227--227
[]\TU/TimesNewRoman(0)/m/n/14.4 На вход принимает
 []


Underfull \hbox (badness 10000) in paragraph at lines 227--227
\TU/TimesNewRoman(0)/m/n/14.4 по принадлежности
 []


Underfull \hbox (badness 10000) in paragraph at lines 227--227
\TU/TimesNewRoman(0)/m/n/14.4 нужно сопоставить
 []


Underfull \hbox (badness 10000) in paragraph at lines 227--227
[]\TU/TimesNewRoman(0)/m/n/14.4 Возвращает: флаг о
 []


Underfull \hbox (badness 10000) in paragraph at lines 227--227
[]|\TU/TimesNewRoman(0)/m/n/14.4 Главный
 []


Underfull \hbox (badness 5787) in paragraph at lines 227--227
[]|\TU/TimesNewRoman(0)/m/n/14.4 check$[]$access – метод
 []


Underfull \hbox (badness 10000) in paragraph at lines 227--227
\TU/TimesNewRoman(0)/m/n/14.4 реализации опции
 []


Underfull \hbox (badness 10000) in paragraph at lines 227--227
\TU/TimesNewRoman(0)/m/n/14.4 «Проверка доступа»,
 []


Underfull \hbox (badness 8000) in paragraph at lines 227--227
\TU/TimesNewRoman(0)/m/n/14.4 проверяет введённые
 []


Underfull \hbox (badness 10000) in paragraph at lines 227--227
\TU/TimesNewRoman(0)/m/n/14.4 данные на наличие
 []


Underfull \hbox (badness 10000) in paragraph at lines 227--227
\TU/TimesNewRoman(0)/m/n/14.4 в базе и выводит
 []


Underfull \hbox (badness 10000) in paragraph at lines 227--227
[]|\TU/TimesNewRoman(0)/m/n/14.4 check$[]$access(psr$[]$Tf,
 []


Underfull \hbox (badness 10000) in paragraph at lines 227--227
\TU/TimesNewRoman(0)/m/n/14.4 dor$[]$Tf, switch,
 []


Underfull \hbox (badness 10000) in paragraph at lines 227--227
\TU/TimesNewRoman(0)/m/n/14.4 земпляры текстовых
 []


Underfull \hbox (badness 10000) in paragraph at lines 227--227
\TU/TimesNewRoman(0)/m/n/14.4 для поиска, жкзем-
 []


Underfull \hbox (badness 10000) in paragraph at lines 227--227
\TU/TimesNewRoman(0)/m/n/14.4 пляр переключателя,
 []


Underfull \hbox (badness 10000) in paragraph at lines 227--227
[]|\TU/TimesNewRoman(0)/m/n/14.4 Главный
 []


Underfull \hbox (badness 2635) in paragraph at lines 227--227
[]|\TU/TimesNewRoman(0)/m/n/14.4 start$[]$accesses – метод
 []


Underfull \hbox (badness 4108) in paragraph at lines 227--227
\TU/TimesNewRoman(0)/m/n/14.4 доступах пассажиров
 []


Underfull \hbox (badness 1019) in paragraph at lines 227--227
\TU/TimesNewRoman(0)/m/n/14.4 из критериев ограни-
 []


Underfull \hbox (badness 10000) in paragraph at lines 227--227
[]|\TU/TimesNewRoman(0)/m/n/14.4 start$[]$accesses(
 []


Underfull \hbox (badness 10000) in paragraph at lines 227--227
[]\TU/TimesNewRoman(0)/m/n/14.4 На вход принимает
 []


Underfull \hbox (badness 10000) in paragraph at lines 227--227
\TU/TimesNewRoman(0)/m/n/14.4 строку подключения
 []


Underfull \hbox (badness 10000) in paragraph at lines 227--227
\TU/TimesNewRoman(0)/m/n/14.4 к БД и экземпляр
 []


Underfull \hbox (badness 10000) in paragraph at lines 227--227
[]|\TU/TimesNewRoman(0)/m/n/14.4 Главный
 []


Underfull \hbox (badness 6268) in paragraph at lines 227--227
[]|\TU/TimesNewRoman(0)/m/n/14.4 add$[]$element – метод,
 []


Underfull \hbox (badness 10000) in paragraph at lines 227--227
\TU/TimesNewRoman(0)/m/n/14.4 реализующий оп-
 []


Underfull \hbox (badness 10000) in paragraph at lines 227--227
\TU/TimesNewRoman(0)/m/n/14.4 цию формирования
 []


Underfull \hbox (badness 10000) in paragraph at lines 227--227
\TU/TimesNewRoman(0)/m/n/14.4 запроса добавления
 []


Underfull \hbox (badness 10000) in paragraph at lines 227--227
[]|\TU/TimesNewRoman(0)/m/n/14.4 add$[]$element(table,
 []


Underfull \hbox (badness 10000) in paragraph at lines 227--227
\TU/TimesNewRoman(0)/m/n/14.4 combinedControls,
 []


Underfull \hbox (badness 10000) in paragraph at lines 227--227
\TU/TimesNewRoman(0)/m/n/14.4 currentLb, tree,
 []


Underfull \hbox (badness 10000) in paragraph at lines 227--227
\TU/TimesNewRoman(0)/m/n/14.4 tableWin, connection,
 []


Underfull \hbox (badness 10000) in paragraph at lines 227--227
[]\TU/TimesNewRoman(0)/m/n/14.4 На вход принимает
 []


Underfull \hbox (badness 1975) in paragraph at lines 227--227
\TU/TimesNewRoman(0)/m/n/14.4 строку названия таб-
 []


Underfull \hbox (badness 10000) in paragraph at lines 227--227
\TU/TimesNewRoman(0)/m/n/14.4 лицы, кортеж полей
 []


Underfull \hbox (badness 10000) in paragraph at lines 227--227
\TU/TimesNewRoman(0)/m/n/14.4 ввода, экземпляр
 []


Underfull \hbox (badness 7925) in paragraph at lines 227--227
\TU/TimesNewRoman(0)/m/n/14.4 текстового поля для
 []


Underfull \hbox (badness 6001) in paragraph at lines 227--227
\TU/TimesNewRoman(0)/m/n/14.4 отображения иденти-
 []


Underfull \hbox (badness 10000) in paragraph at lines 227--227
\TU/TimesNewRoman(0)/m/n/14.4 фикатора текущего
 []


Underfull \hbox (badness 10000) in paragraph at lines 227--227
\TU/TimesNewRoman(0)/m/n/14.4 элемента, экземпляр
 []


Underfull \hbox (badness 3417) in paragraph at lines 227--227
\TU/TimesNewRoman(0)/m/n/14.4 пляр контейнера для
 []


Underfull \hbox (badness 10000) in paragraph at lines 227--227
\TU/TimesNewRoman(0)/m/n/14.4 ключения, экземпляр
 []


Underfull \hbox (badness 10000) in paragraph at lines 227--227
[]|\TU/TimesNewRoman(0)/m/n/14.4 Главный
 []


Underfull \hbox (badness 10000) in paragraph at lines 227--227
\TU/TimesNewRoman(0)/m/n/14.4 реализующий опцию
 []


Underfull \hbox (badness 3407) in paragraph at lines 227--227
\TU/TimesNewRoman(0)/m/n/14.4 формирования запро-
 []


Underfull \hbox (badness 10000) in paragraph at lines 227--227
[]|\TU/TimesNewRoman(0)/m/n/14.4 delete$[]$element(table,
 []


Underfull \hbox (badness 10000) in paragraph at lines 227--227
\TU/TimesNewRoman(0)/m/n/14.4 key, currentLb,
 []


Underfull \hbox (badness 10000) in paragraph at lines 227--227
\TU/TimesNewRoman(0)/m/n/14.4 combinedControls,
 []


Underfull \hbox (badness 10000) in paragraph at lines 227--227
\TU/TimesNewRoman(0)/m/n/14.4 tree, connection,
 []


Underfull \hbox (badness 10000) in paragraph at lines 227--227
[]\TU/TimesNewRoman(0)/m/n/14.4 На вход принимает
 []


Underfull \hbox (badness 1975) in paragraph at lines 227--227
\TU/TimesNewRoman(0)/m/n/14.4 строку названия таб-
 []


Underfull \hbox (badness 2213) in paragraph at lines 227--227
\TU/TimesNewRoman(0)/m/n/14.4 лицы, идентификатор
 []


Underfull \hbox (badness 10000) in paragraph at lines 227--227
\TU/TimesNewRoman(0)/m/n/14.4 текущего элемента,
 []


Underfull \hbox (badness 5970) in paragraph at lines 227--227
\TU/TimesNewRoman(0)/m/n/14.4 кортеж полей ввода,
 []


Underfull \hbox (badness 3407) in paragraph at lines 227--227
\TU/TimesNewRoman(0)/m/n/14.4 экземпляр текстового
 []


Underfull \hbox (badness 10000) in paragraph at lines 227--227
\TU/TimesNewRoman(0)/m/n/14.4 поля для отображе-
 []


Underfull \hbox (badness 10000) in paragraph at lines 227--227
\TU/TimesNewRoman(0)/m/n/14.4 ния идентификатора
 []


Underfull \hbox (badness 10000) in paragraph at lines 227--227
\TU/TimesNewRoman(0)/m/n/14.4 текущего элемента,
 []


Underfull \hbox (badness 10000) in paragraph at lines 227--227
\TU/TimesNewRoman(0)/m/n/14.4 экземпляр виджета
 []


Underfull \hbox (badness 10000) in paragraph at lines 227--227
\TU/TimesNewRoman(0)/m/n/14.4 древа, строку под-
 []


Underfull \hbox (badness 10000) in paragraph at lines 227--227
\TU/TimesNewRoman(0)/m/n/14.4 ключения, экземпляр
 []


Underfull \hbox (badness 10000) in paragraph at lines 227--227
[]|\TU/TimesNewRoman(0)/m/n/14.4 Главный
 []


Underfull \hbox (badness 10000) in paragraph at lines 227--227
[]|\TU/TimesNewRoman(0)/m/n/14.4 update$[]$element – ме-
 []


Underfull \hbox (badness 10000) in paragraph at lines 227--227
\TU/TimesNewRoman(0)/m/n/14.4 тод, реализующий
 []


Underfull \hbox (badness 10000) in paragraph at lines 227--227
\TU/TimesNewRoman(0)/m/n/14.4 запроса изменения
 []


Underfull \hbox (badness 10000) in paragraph at lines 227--227
[]|\TU/TimesNewRoman(0)/m/n/14.4 update$[]$element(table,
 []


Underfull \hbox (badness 10000) in paragraph at lines 227--227
[]\TU/TimesNewRoman(0)/m/n/14.4 На вход принима-
 []


Underfull \hbox (badness 10000) in paragraph at lines 227--227
\TU/TimesNewRoman(0)/m/n/14.4 ет строку названия
 []


Underfull \hbox (badness 10000) in paragraph at lines 227--227
\TU/TimesNewRoman(0)/m/n/14.4 таблицы, кортеж
 []


Underfull \hbox (badness 10000) in paragraph at lines 227--227
\TU/TimesNewRoman(0)/m/n/14.4 полей ввода, иден-
 []


Underfull \hbox (badness 10000) in paragraph at lines 227--227
\TU/TimesNewRoman(0)/m/n/14.4 тификатор текущего
 []


Underfull \hbox (badness 10000) in paragraph at lines 227--227
\TU/TimesNewRoman(0)/m/n/14.4 элемента, экземпляр
 []


Underfull \hbox (badness 10000) in paragraph at lines 227--227
[]|\TU/TimesNewRoman(0)/m/n/14.4 Главный
 []


Underfull \hbox (badness 10000) in paragraph at lines 227--227
\TU/TimesNewRoman(0)/m/n/14.4 реализующий опцию
 []


Underfull \hbox (badness 10000) in paragraph at lines 227--227
[]|\TU/TimesNewRoman(0)/m/n/14.4 search$[]$element(
 []


Underfull \hbox (badness 10000) in paragraph at lines 227--227
\TU/TimesNewRoman(0)/m/n/14.4 combinedControls,
 []


Underfull \hbox (badness 10000) in paragraph at lines 227--227
\TU/TimesNewRoman(0)/m/n/14.4 table, tf, currentLb,
 []


Underfull \hbox (badness 10000) in paragraph at lines 227--227
[]\TU/TimesNewRoman(0)/m/n/14.4 На вход принимает
 []


Underfull \hbox (badness 10000) in paragraph at lines 227--227
\TU/TimesNewRoman(0)/m/n/14.4 кортеж полей вво-
 []


Underfull \hbox (badness 10000) in paragraph at lines 227--227
\TU/TimesNewRoman(0)/m/n/14.4 да, строку названия
 []


Underfull \hbox (badness 10000) in paragraph at lines 227--227
\TU/TimesNewRoman(0)/m/n/14.4 таблицы, текстовое
 []


Underfull \hbox (badness 10000) in paragraph at lines 227--227
\TU/TimesNewRoman(0)/m/n/14.4 тификатора поиска,
 []


Underfull \hbox (badness 3407) in paragraph at lines 227--227
\TU/TimesNewRoman(0)/m/n/14.4 экземпляр текстового
 []


Underfull \hbox (badness 10000) in paragraph at lines 227--227
[]|\TU/TimesNewRoman(0)/m/n/14.4 Главный
 []


Underfull \hbox (badness 10000) in paragraph at lines 227--227
[]|\TU/TimesNewRoman(0)/m/n/14.4 list$[]$table – метод,
 []


Underfull \hbox (badness 10000) in paragraph at lines 227--227
\TU/TimesNewRoman(0)/m/n/14.4 реализующий оп-
 []


Underfull \hbox (badness 10000) in paragraph at lines 227--227
\TU/TimesNewRoman(0)/m/n/14.4 цию []пролистывания
 []


Underfull \hbox (badness 10000) in paragraph at lines 227--227
[]\TU/TimesNewRoman(0)/m/n/14.4 текущей таблицы
 []


Underfull \hbox (badness 10000) in paragraph at lines 227--227
[]|\TU/TimesNewRoman(0)/m/n/14.4 list$[]$table(direction,
 []


Underfull \hbox (badness 10000) in paragraph at lines 227--227
\TU/TimesNewRoman(0)/m/n/14.4 table, connection,
 []


Underfull \hbox (badness 10000) in paragraph at lines 227--227
[]\TU/TimesNewRoman(0)/m/n/14.4 На вход принимает
 []


Underfull \hbox (badness 10000) in paragraph at lines 227--227
\TU/TimesNewRoman(0)/m/n/14.4 флаг направления
 []


Underfull \hbox (badness 10000) in paragraph at lines 227--227
\TU/TimesNewRoman(0)/m/n/14.4 (вперёд или назад),
 []


Underfull \hbox (badness 10000) in paragraph at lines 227--227
\TU/TimesNewRoman(0)/m/n/14.4 строку названия
 []


Underfull \hbox (badness 10000) in paragraph at lines 227--227
\TU/TimesNewRoman(0)/m/n/14.4 таблицы, строку
 []


Underfull \hbox (badness 10000) in paragraph at lines 227--227
\TU/TimesNewRoman(0)/m/n/14.4 подключения к БД,
 []


Underfull \hbox (badness 10000) in paragraph at lines 227--227
[]\TU/TimesNewRoman(0)/m/n/14.4 Возвращает: массив
 []


Underfull \hbox (badness 10000) in paragraph at lines 227--227
\TU/TimesNewRoman(0)/m/n/14.4 данных текущего
 []


Underfull \hbox (badness 10000) in paragraph at lines 227--227
[]|\TU/TimesNewRoman(0)/m/n/14.4 Главный
 []


Underfull \hbox (badness 10000) in paragraph at lines 227--227
[]|\TU/TimesNewRoman(0)/m/n/14.4 configure$[]$list – ме-
 []


Underfull \hbox (badness 10000) in paragraph at lines 227--227
\TU/TimesNewRoman(0)/m/n/14.4 тод, дополняющий
 []


Underfull \hbox (badness 10000) in paragraph at lines 227--227
\TU/TimesNewRoman(0)/m/n/14.4 данные текущего
 []


Underfull \hbox (badness 10000) in paragraph at lines 227--227
[]|\TU/TimesNewRoman(0)/m/n/14.4 configure$[]$list(direction,
 []


Underfull \hbox (badness 10000) in paragraph at lines 227--227
\TU/TimesNewRoman(0)/m/n/14.4 table,
 []


Underfull \hbox (badness 10000) in paragraph at lines 227--227
\TU/TimesNewRoman(0)/m/n/14.4 combinedControls,
 []


Underfull \hbox (badness 6526) in paragraph at lines 227--227
\TU/TimesNewRoman(0)/m/n/14.4 currentLb, connection,
 []


Underfull \hbox (badness 10000) in paragraph at lines 227--227
[]\TU/TimesNewRoman(0)/m/n/14.4 На вход принимает
 []


Underfull \hbox (badness 10000) in paragraph at lines 227--227
\TU/TimesNewRoman(0)/m/n/14.4 флаг направления
 []


Underfull \hbox (badness 10000) in paragraph at lines 227--227
\TU/TimesNewRoman(0)/m/n/14.4 (вперёд или назад),
 []


Underfull \hbox (badness 1975) in paragraph at lines 227--227
\TU/TimesNewRoman(0)/m/n/14.4 строку названия таб-
 []


Underfull \hbox (badness 10000) in paragraph at lines 227--227
\TU/TimesNewRoman(0)/m/n/14.4 лицы, кортеж полей
 []


Underfull \hbox (badness 10000) in paragraph at lines 227--227
\TU/TimesNewRoman(0)/m/n/14.4 ввода, экземпляр
 []


Underfull \hbox (badness 7925) in paragraph at lines 227--227
\TU/TimesNewRoman(0)/m/n/14.4 текстового поля для
 []


Underfull \hbox (badness 6001) in paragraph at lines 227--227
\TU/TimesNewRoman(0)/m/n/14.4 отображения иденти-
 []


Underfull \hbox (badness 10000) in paragraph at lines 227--227
\TU/TimesNewRoman(0)/m/n/14.4 фикатора текущего
 []


Underfull \hbox (badness 10000) in paragraph at lines 227--227
\TU/TimesNewRoman(0)/m/n/14.4 элемента, строку
 []


Underfull \hbox (badness 10000) in paragraph at lines 227--227
\TU/TimesNewRoman(0)/m/n/14.4 подключения к БД,
 []


Underfull \hbox (badness 10000) in paragraph at lines 227--227
[]\TU/TimesNewRoman(0)/m/n/14.4 Возвращает: массив
 []


Underfull \hbox (badness 10000) in paragraph at lines 227--227
\TU/TimesNewRoman(0)/m/n/14.4 данных текущего
 []


Underfull \hbox (badness 10000) in paragraph at lines 227--227
[]|\TU/TimesNewRoman(0)/m/n/14.4 Главный
 []


Underfull \hbox (badness 10000) in paragraph at lines 227--227
[]|\TU/TimesNewRoman(0)/m/n/14.4 connection – строка
 []


Underfull \hbox (badness 10000) in paragraph at lines 227--227
\TU/TimesNewRoman(0)/m/n/14.4 для подключения к
 []


Underfull \hbox (badness 10000) in paragraph at lines 227--227
[]|\TU/TimesNewRoman(0)/m/n/14.4 Главный
 []


Underfull \hbox (badness 2205) in paragraph at lines 227--227
[]|\TU/TimesNewRoman(0)/m/n/14.4 validation$[]$digits – ме-
 []


Underfull \hbox (badness 2343) in paragraph at lines 227--227
\TU/TimesNewRoman(0)/m/n/14.4 тод, использующийся
 []


Underfull \hbox (badness 10000) in paragraph at lines 227--227
[]|\TU/TimesNewRoman(0)/m/n/14.4 validation$[]$digits(
 []


Underfull \hbox (badness 10000) in paragraph at lines 227--227
[]\TU/TimesNewRoman(0)/m/n/14.4 На вход принимает
 []


Underfull \hbox (badness 3078) in paragraph at lines 227--227
\TU/TimesNewRoman(0)/m/n/14.4 строку для проверки
 []


Underfull \hbox (badness 5374) in paragraph at lines 227--227
\TU/TimesNewRoman(0)/m/n/14.4 строки, что соответ-
 []


Underfull \hbox (badness 10000) in paragraph at lines 227--227
[]|\TU/TimesNewRoman(0)/m/n/14.4 Главный
 []


Underfull \hbox (badness 10000) in paragraph at lines 227--227
\TU/TimesNewRoman(0)/m/n/14.4 использующийся для
 []


Underfull \hbox (badness 10000) in paragraph at lines 227--227
\TU/TimesNewRoman(0)/m/n/14.4 регистрации правила
 []


Underfull \hbox (badness 10000) in paragraph at lines 227--227
\TU/TimesNewRoman(0)/m/n/14.4 валидации символов
 []


Underfull \hbox (badness 10000) in paragraph at lines 227--227
[]|\TU/TimesNewRoman(0)/m/n/14.4 validation$[]$text(
 []


Underfull \hbox (badness 10000) in paragraph at lines 227--227
[]\TU/TimesNewRoman(0)/m/n/14.4 На вход принимает
 []


Underfull \hbox (badness 3078) in paragraph at lines 227--227
\TU/TimesNewRoman(0)/m/n/14.4 строку для проверки
 []


Underfull \hbox (badness 5374) in paragraph at lines 227--227
\TU/TimesNewRoman(0)/m/n/14.4 строки, что соответ-
 []


Underfull \hbox (badness 10000) in paragraph at lines 227--227
[]|\TU/TimesNewRoman(0)/m/n/14.4 Главный
 []


Underfull \hbox (badness 10000) in paragraph at lines 227--227
[]|\TU/TimesNewRoman(0)/m/n/14.4 validation$[]$char – ме-
 []


Underfull \hbox (badness 2343) in paragraph at lines 227--227
\TU/TimesNewRoman(0)/m/n/14.4 тод, использующийся
 []


Underfull \hbox (badness 10000) in paragraph at lines 227--227
\TU/TimesNewRoman(0)/m/n/14.4 для регистрации
 []


Underfull \hbox (badness 10000) in paragraph at lines 227--227
\TU/TimesNewRoman(0)/m/n/14.4 правила валидации
 []


Underfull \hbox (badness 10000) in paragraph at lines 227--227
\TU/TimesNewRoman(0)/m/n/14.4 единичного символа
 []


Underfull \hbox (badness 10000) in paragraph at lines 227--227
[]|\TU/TimesNewRoman(0)/m/n/14.4 validation$[]$char(
 []


Underfull \hbox (badness 10000) in paragraph at lines 227--227
[]\TU/TimesNewRoman(0)/m/n/14.4 На вход принимает
 []


Underfull \hbox (badness 3078) in paragraph at lines 227--227
\TU/TimesNewRoman(0)/m/n/14.4 строку для проверки
 []


Underfull \hbox (badness 5374) in paragraph at lines 227--227
\TU/TimesNewRoman(0)/m/n/14.4 строки, что соответ-
 []


Underfull \hbox (badness 1360) in paragraph at lines 227--227
\TU/TimesNewRoman(0)/m/n/14.4 ствует маске единич-
 []


Underfull \hbox (badness 1286) in paragraph at lines 227--227
\TU/TimesNewRoman(0)/m/n/14.4 ного символа Кирил-
 []


Underfull \hbox (badness 10000) in paragraph at lines 227--227
[]|\TU/TimesNewRoman(0)/m/n/14.4 Главный
 []


Underfull \hbox (badness 10000) in paragraph at lines 227--227
[]|\TU/TimesNewRoman(0)/m/n/14.4 validation$[]$time – ме-
 []


Underfull \hbox (badness 2343) in paragraph at lines 227--227
\TU/TimesNewRoman(0)/m/n/14.4 тод, использующийся
 []


Underfull \hbox (badness 10000) in paragraph at lines 227--227
\TU/TimesNewRoman(0)/m/n/14.4 для регистрации
 []


Underfull \hbox (badness 10000) in paragraph at lines 227--227
\TU/TimesNewRoman(0)/m/n/14.4 правила валидации
 []


Underfull \hbox (badness 7925) in paragraph at lines 227--227
\TU/TimesNewRoman(0)/m/n/14.4 текстового поля для
 []


Underfull \hbox (badness 10000) in paragraph at lines 227--227
[]|\TU/TimesNewRoman(0)/m/n/14.4 validation$[]$time(
 []


Underfull \hbox (badness 10000) in paragraph at lines 227--227
[]\TU/TimesNewRoman(0)/m/n/14.4 На вход принимает
 []


Underfull \hbox (badness 3078) in paragraph at lines 227--227
\TU/TimesNewRoman(0)/m/n/14.4 строку для проверки
 []


Underfull \hbox (badness 5374) in paragraph at lines 227--227
\TU/TimesNewRoman(0)/m/n/14.4 строки, что соответ-
 []


Underfull \hbox (badness 10000) in paragraph at lines 227--227
[]|\TU/TimesNewRoman(0)/m/n/14.4 Главный
 []


Underfull \hbox (badness 10000) in paragraph at lines 227--227
\TU/TimesNewRoman(0)/m/n/14.4 веряющий наличие
 []


Underfull \hbox (badness 10000) in paragraph at lines 227--227
[]|\TU/TimesNewRoman(0)/m/n/14.4 FKValid(number,
 []


Underfull \hbox (badness 10000) in paragraph at lines 227--227
[]\TU/TimesNewRoman(0)/m/n/14.4 Возвращает: флаг о
 []


Underfull \hbox (badness 4454) in paragraph at lines 227--227
\TU/TimesNewRoman(0)/m/n/14.4 том, был ли найден
 []


Underfull \hbox (badness 10000) in paragraph at lines 227--227
[]|\TU/TimesNewRoman(0)/m/n/14.4 Главный
 []


Underfull \hbox (badness 10000) in paragraph at lines 227--227
\TU/TimesNewRoman(0)/m/n/14.4 задающий правила
 []


Underfull \hbox (badness 10000) in paragraph at lines 227--227
[]|\TU/TimesNewRoman(0)/m/n/14.4 validate$[]$single(element,
 []


Underfull \hbox (badness 6876) in paragraph at lines 227--227
\TU/TimesNewRoman(0)/m/n/14.4 земпляр поля ввода,
 []


Underfull \hbox (badness 10000) in paragraph at lines 227--227
[]\TU/TimesNewRoman(0)/m/n/14.4 Возвращает: поле
 []


Underfull \hbox (badness 10000) in paragraph at lines 227--227
[]|\TU/TimesNewRoman(0)/m/n/14.4 Главный
 []


Underfull \hbox (badness 10000) in paragraph at lines 227--227
\TU/TimesNewRoman(0)/m/n/14.4 задающий правила
 []


Underfull \hbox (badness 10000) in paragraph at lines 227--227
\TU/TimesNewRoman(0)/m/n/14.4 ввода для массива
 []


Underfull \hbox (badness 10000) in paragraph at lines 227--227
[]|\TU/TimesNewRoman(0)/m/n/14.4 validate$[]$whole(tfS,
 []


Underfull \hbox (badness 10000) in paragraph at lines 227--227
[]\TU/TimesNewRoman(0)/m/n/14.4 На вход принимает
 []


Underfull \hbox (badness 10000) in paragraph at lines 227--227
\TU/TimesNewRoman(0)/m/n/14.4 массив полей вво-
 []


Underfull \hbox (badness 10000) in paragraph at lines 227--227
\TU/TimesNewRoman(0)/m/n/14.4 да, строку названия
 []


Underfull \hbox (badness 10000) in paragraph at lines 227--227
\TU/TimesNewRoman(0)/m/n/14.4 таблицы данных,
 []


Underfull \hbox (badness 10000) in paragraph at lines 227--227
[]\TU/TimesNewRoman(0)/m/n/14.4 Возвращает: массив
 []


Underfull \hbox (badness 3291) in paragraph at lines 227--227
\TU/TimesNewRoman(0)/m/n/14.4 полей ввода с изме-
 []


Underfull \hbox (badness 10000) in paragraph at lines 227--227
[]|\TU/TimesNewRoman(0)/m/n/14.4 Главный
 []


Underfull \hbox (badness 10000) in paragraph at lines 227--227
\TU/TimesNewRoman(0)/m/n/14.4 проверяющий уже
 []


Underfull \hbox (badness 10000) in paragraph at lines 227--227
\TU/TimesNewRoman(0)/m/n/14.4 корректность перед
 []


Underfull \hbox (badness 10000) in paragraph at lines 227--227
[]|\TU/TimesNewRoman(0)/m/n/14.4 overvalidation(table,
 []


Underfull \hbox (badness 10000) in paragraph at lines 227--227
[]\TU/TimesNewRoman(0)/m/n/14.4 На вход принимает
 []


Underfull \hbox (badness 1975) in paragraph at lines 227--227
\TU/TimesNewRoman(0)/m/n/14.4 строку названия таб-
 []


Underfull \hbox (badness 10000) in paragraph at lines 227--227
\TU/TimesNewRoman(0)/m/n/14.4 лицы, кортеж полей
 []

[42] [43] [44] [45] [46] [47] [48] [49] [50] [51] [52] [53]
(d:/TeX/texstudio/texlive/texlive/2024/texmf-dist/tex/latex/listings/lstlang1.s
ty
File: lstlang1.sty 2024/03/11 1.10a listings language file
)
LaTeX Font Info:    Font shape `TU/Verdana(0)/m/n' will be
(Font)              scaled to size 10.07994pt on input line 235.
) (./Заключение.tex [54] [55]) (./СписокИсточников.tex [56]
Underfull \hbox (badness 3536) in paragraph at lines 5--6
[]\TU/TimesNewRoman(0)/m/n/14.4 Словарь данных и система управления базами данн
ых / Data
 []


Underfull \hbox (badness 4120) in paragraph at lines 8--9
[]\TU/TimesNewRoman(0)/m/n/14.4 Гринченко, Н.Н. Проектирование баз данных. СУБД
 Microsoft
 []


Underfull \hbox (badness 10000) in paragraph at lines 10--11
[]\TU/TimesNewRoman(0)/m/n/14.4 scDataCom [Электронный ресурс] From Keys to Cre
dentials:
 []


Underfull \hbox (badness 6825) in paragraph at lines 10--11
\TU/TimesNewRoman(0)/m/n/14.4 The History of Access Control, 2024. – Текст : эл
ектронный. URL:
 []


Underfull \hbox (badness 10000) in paragraph at lines 10--11
\TU/TimesNewRoman(0)/m/n/14.4 https://www.scdatacom.net/blog/from-keys-to-crede
ntials-the-history-of-access-
 []


Underfull \hbox (badness 7308) in paragraph at lines 12--13
[]\TU/TimesNewRoman(0)/m/n/14.4 Medium.com. / «SQLite – Как организовывать табл
ицы» Ав-
 []


Underfull \hbox (badness 4556) in paragraph at lines 14--15
[]\TU/TimesNewRoman(0)/m/n/14.4 kisi [Электронный ресурс] Mobile access control
 guide: 2024.
 []

[57]
Underfull \hbox (badness 1661) in paragraph at lines 17--18
[]\TU/TimesNewRoman(0)/m/n/14.4 Richmond Security / Locked. Secured. Protected/
 Learning About
 []


Underfull \hbox (badness 4569) in paragraph at lines 17--18
\TU/TimesNewRoman(0)/m/n/14.4 Access Control Systems: Control Cards, 2024. – Те
кст : электронный.
 []


Underfull \hbox (badness 10000) in paragraph at lines 21--22
[]\TU/TimesNewRoman(0)/m/n/14.4 hidglobal [Электронный ресурс] Chronicling the 
Evolution of
 []


Underfull \hbox (badness 3078) in paragraph at lines 21--22
\TU/TimesNewRoman(0)/m/n/14.4 Access Control Credentials: Jim Dearing, 2021. – 
Текст : электронный.
 []


Underfull \hbox (badness 10000) in paragraph at lines 21--22
\TU/TimesNewRoman(0)/m/n/14.4 URL: https://blog.hidglobal.com/2021/03/chronicli
ng-evolution-access-control-
 []

[58]) (./Плакаты.tex [59] [60]) (./Код.tex
(d:/TeX/texstudio/texlive/texlive/2024/texmf-dist/tex/latex/listings/lstlang1.s
ty
File: lstlang1.sty 2024/03/11 1.10a listings language file
)
(d:/TeX/texstudio/texlive/texlive/2024/texmf-dist/tex/latex/listings/lstlang2.s
ty
File: lstlang2.sty 2024/03/11 1.10a listings language file
)
(d:/TeX/texstudio/texlive/texlive/2024/texmf-dist/tex/latex/listings/lstlang3.s
ty
File: lstlang3.sty 2024/03/11 1.10a listings language file
)
(d:/TeX/texstudio/texlive/texlive/2024/texmf-dist/tex/latex/listings/lstlang1.s
ty
File: lstlang1.sty 2024/03/11 1.10a listings language file
)
(d:/TeX/texstudio/texlive/texlive/2024/texmf-dist/tex/latex/listings/lstlang2.s
ty
File: lstlang2.sty 2024/03/11 1.10a listings language file
)
(d:/TeX/texstudio/texlive/texlive/2024/texmf-dist/tex/latex/listings/lstlang3.s
ty
File: lstlang3.sty 2024/03/11 1.10a listings language file
)
(d:/TeX/texstudio/texlive/texlive/2024/texmf-dist/tex/latex/listings/lstlang1.s
ty
File: lstlang1.sty 2024/03/11 1.10a listings language file
)
(d:/TeX/texstudio/texlive/texlive/2024/texmf-dist/tex/latex/listings/lstlang2.s
ty
File: lstlang2.sty 2024/03/11 1.10a listings language file
)
(d:/TeX/texstudio/texlive/texlive/2024/texmf-dist/tex/latex/listings/lstlang3.s
ty
File: lstlang3.sty 2024/03/11 1.10a listings language file
)
(d:/TeX/texstudio/texlive/texlive/2024/texmf-dist/tex/latex/listings/lstmisc.st
y
File: lstmisc.sty 2024/03/11 1.10a (Carsten Heinz)
)
Package hyperref Info: bookmark level for unknown lstlisting defaults to 0 on i
nput line 4.
 (./main.tex [61


]) (./ТехПроект.tex [62] [63] [64] [65] [66] [67]) [68])
[69] (./main.aux)
 ***********
LaTeX2e <2023-11-01> patch level 1
L3 programming layer <2024-04-11>
 ***********
Package rerunfilecheck Info: File `main.out' has not changed.
(rerunfilecheck)             Checksum: 33A9ABB0A5D2095D4C21B93AA382AFF2;19621.
 ) 
Here is how much of TeX's memory you used:
 20016 strings out of 474705
 372183 string characters out of 5750043
 2252406 words of memory out of 5000000
 41942 multiletter control sequences out of 15000+600000
 559598 words of font info for 72 fonts, out of 8000000 for 9000
 1348 hyphenation exceptions out of 8191
 99i,11n,110p,962b,2956s stack positions out of 10000i,1000n,20000p,200000b,200000s

Output written on main.pdf (69 pages).
